[2022-10-17 10:41:58] local.ERROR: could not find driver (SQL: select * from information_schema.tables where table_schema = homestead and table_name = migrations and table_type = 'BASE TABLE') {"exception":"[object] (Illuminate\\Database\\QueryException(code: 0): could not find driver (SQL: select * from information_schema.tables where table_schema = homestead and table_name = migrations and table_type = 'BASE TABLE') at /var/www/html/QM/blog/vendor/illuminate/database/Connection.php:759)
[stacktrace]
#0 /var/www/html/QM/blog/vendor/illuminate/database/Connection.php(719): Illuminate\\Database\\Connection->runQueryCallback()
#1 /var/www/html/QM/blog/vendor/illuminate/database/Connection.php(421): Illuminate\\Database\\Connection->run()
#2 /var/www/html/QM/blog/vendor/illuminate/database/Schema/MySqlBuilder.php(44): Illuminate\\Database\\Connection->select()
#3 /var/www/html/QM/blog/vendor/illuminate/database/Migrations/DatabaseMigrationRepository.php(169): Illuminate\\Database\\Schema\\MySqlBuilder->hasTable()
#4 /var/www/html/QM/blog/vendor/illuminate/database/Migrations/Migrator.php(683): Illuminate\\Database\\Migrations\\DatabaseMigrationRepository->repositoryExists()
#5 /var/www/html/QM/blog/vendor/illuminate/database/Console/Migrations/MigrateCommand.php(138): Illuminate\\Database\\Migrations\\Migrator->repositoryExists()
#6 /var/www/html/QM/blog/vendor/illuminate/support/helpers.php(247): Illuminate\\Database\\Console\\Migrations\\MigrateCommand->Illuminate\\Database\\Console\\Migrations\\{closure}()
#7 /var/www/html/QM/blog/vendor/illuminate/database/Console/Migrations/MigrateCommand.php(157): retry()
#8 /var/www/html/QM/blog/vendor/illuminate/database/Console/Migrations/MigrateCommand.php(114): Illuminate\\Database\\Console\\Migrations\\MigrateCommand->repositoryExists()
#9 /var/www/html/QM/blog/vendor/illuminate/database/Console/Migrations/MigrateCommand.php(82): Illuminate\\Database\\Console\\Migrations\\MigrateCommand->prepareDatabase()
#10 /var/www/html/QM/blog/vendor/illuminate/database/Migrations/Migrator.php(616): Illuminate\\Database\\Console\\Migrations\\MigrateCommand->Illuminate\\Database\\Console\\Migrations\\{closure}()
#11 /var/www/html/QM/blog/vendor/illuminate/database/Console/Migrations/MigrateCommand.php(102): Illuminate\\Database\\Migrations\\Migrator->usingConnection()
#12 /var/www/html/QM/blog/vendor/illuminate/container/BoundMethod.php(36): Illuminate\\Database\\Console\\Migrations\\MigrateCommand->handle()
#13 /var/www/html/QM/blog/vendor/illuminate/container/Util.php(41): Illuminate\\Container\\BoundMethod::Illuminate\\Container\\{closure}()
#14 /var/www/html/QM/blog/vendor/illuminate/container/BoundMethod.php(93): Illuminate\\Container\\Util::unwrapIfClosure()
#15 /var/www/html/QM/blog/vendor/illuminate/container/BoundMethod.php(37): Illuminate\\Container\\BoundMethod::callBoundMethod()
#16 /var/www/html/QM/blog/vendor/illuminate/container/Container.php(651): Illuminate\\Container\\BoundMethod::call()
#17 /var/www/html/QM/blog/vendor/illuminate/console/Command.php(144): Illuminate\\Container\\Container->call()
#18 /var/www/html/QM/blog/vendor/symfony/console/Command/Command.php(291): Illuminate\\Console\\Command->execute()
#19 /var/www/html/QM/blog/vendor/illuminate/console/Command.php(126): Symfony\\Component\\Console\\Command\\Command->run()
#20 /var/www/html/QM/blog/vendor/symfony/console/Application.php(1002): Illuminate\\Console\\Command->run()
#21 /var/www/html/QM/blog/vendor/symfony/console/Application.php(299): Symfony\\Component\\Console\\Application->doRunCommand()
#22 /var/www/html/QM/blog/vendor/symfony/console/Application.php(171): Symfony\\Component\\Console\\Application->doRun()
#23 /var/www/html/QM/blog/vendor/illuminate/console/Application.php(102): Symfony\\Component\\Console\\Application->run()
#24 /var/www/html/QM/blog/vendor/laravel/lumen-framework/src/Console/Kernel.php(116): Illuminate\\Console\\Application->run()
#25 /var/www/html/QM/blog/artisan(35): Laravel\\Lumen\\Console\\Kernel->handle()
#26 {main}

[previous exception] [object] (PDOException(code: 0): could not find driver at /var/www/html/QM/blog/vendor/illuminate/database/Connectors/Connector.php:70)
[stacktrace]
#0 /var/www/html/QM/blog/vendor/illuminate/database/Connectors/Connector.php(70): PDO->__construct()
#1 /var/www/html/QM/blog/vendor/illuminate/database/Connectors/Connector.php(46): Illuminate\\Database\\Connectors\\Connector->createPdoConnection()
#2 /var/www/html/QM/blog/vendor/illuminate/database/Connectors/MySqlConnector.php(24): Illuminate\\Database\\Connectors\\Connector->createConnection()
#3 /var/www/html/QM/blog/vendor/illuminate/database/Connectors/ConnectionFactory.php(184): Illuminate\\Database\\Connectors\\MySqlConnector->connect()
#4 [internal function]: Illuminate\\Database\\Connectors\\ConnectionFactory->Illuminate\\Database\\Connectors\\{closure}()
#5 /var/www/html/QM/blog/vendor/illuminate/database/Connection.php(1169): call_user_func()
#6 /var/www/html/QM/blog/vendor/illuminate/database/Connection.php(1205): Illuminate\\Database\\Connection->getPdo()
#7 /var/www/html/QM/blog/vendor/illuminate/database/Connection.php(485): Illuminate\\Database\\Connection->getReadPdo()
#8 /var/www/html/QM/blog/vendor/illuminate/database/Connection.php(413): Illuminate\\Database\\Connection->getPdoForSelect()
#9 /var/www/html/QM/blog/vendor/illuminate/database/Connection.php(752): Illuminate\\Database\\Connection->Illuminate\\Database\\{closure}()
#10 /var/www/html/QM/blog/vendor/illuminate/database/Connection.php(719): Illuminate\\Database\\Connection->runQueryCallback()
#11 /var/www/html/QM/blog/vendor/illuminate/database/Connection.php(421): Illuminate\\Database\\Connection->run()
#12 /var/www/html/QM/blog/vendor/illuminate/database/Schema/MySqlBuilder.php(44): Illuminate\\Database\\Connection->select()
#13 /var/www/html/QM/blog/vendor/illuminate/database/Migrations/DatabaseMigrationRepository.php(169): Illuminate\\Database\\Schema\\MySqlBuilder->hasTable()
#14 /var/www/html/QM/blog/vendor/illuminate/database/Migrations/Migrator.php(683): Illuminate\\Database\\Migrations\\DatabaseMigrationRepository->repositoryExists()
#15 /var/www/html/QM/blog/vendor/illuminate/database/Console/Migrations/MigrateCommand.php(138): Illuminate\\Database\\Migrations\\Migrator->repositoryExists()
#16 /var/www/html/QM/blog/vendor/illuminate/support/helpers.php(247): Illuminate\\Database\\Console\\Migrations\\MigrateCommand->Illuminate\\Database\\Console\\Migrations\\{closure}()
#17 /var/www/html/QM/blog/vendor/illuminate/database/Console/Migrations/MigrateCommand.php(157): retry()
#18 /var/www/html/QM/blog/vendor/illuminate/database/Console/Migrations/MigrateCommand.php(114): Illuminate\\Database\\Console\\Migrations\\MigrateCommand->repositoryExists()
#19 /var/www/html/QM/blog/vendor/illuminate/database/Console/Migrations/MigrateCommand.php(82): Illuminate\\Database\\Console\\Migrations\\MigrateCommand->prepareDatabase()
#20 /var/www/html/QM/blog/vendor/illuminate/database/Migrations/Migrator.php(616): Illuminate\\Database\\Console\\Migrations\\MigrateCommand->Illuminate\\Database\\Console\\Migrations\\{closure}()
#21 /var/www/html/QM/blog/vendor/illuminate/database/Console/Migrations/MigrateCommand.php(102): Illuminate\\Database\\Migrations\\Migrator->usingConnection()
#22 /var/www/html/QM/blog/vendor/illuminate/container/BoundMethod.php(36): Illuminate\\Database\\Console\\Migrations\\MigrateCommand->handle()
#23 /var/www/html/QM/blog/vendor/illuminate/container/Util.php(41): Illuminate\\Container\\BoundMethod::Illuminate\\Container\\{closure}()
#24 /var/www/html/QM/blog/vendor/illuminate/container/BoundMethod.php(93): Illuminate\\Container\\Util::unwrapIfClosure()
#25 /var/www/html/QM/blog/vendor/illuminate/container/BoundMethod.php(37): Illuminate\\Container\\BoundMethod::callBoundMethod()
#26 /var/www/html/QM/blog/vendor/illuminate/container/Container.php(651): Illuminate\\Container\\BoundMethod::call()
#27 /var/www/html/QM/blog/vendor/illuminate/console/Command.php(144): Illuminate\\Container\\Container->call()
#28 /var/www/html/QM/blog/vendor/symfony/console/Command/Command.php(291): Illuminate\\Console\\Command->execute()
#29 /var/www/html/QM/blog/vendor/illuminate/console/Command.php(126): Symfony\\Component\\Console\\Command\\Command->run()
#30 /var/www/html/QM/blog/vendor/symfony/console/Application.php(1002): Illuminate\\Console\\Command->run()
#31 /var/www/html/QM/blog/vendor/symfony/console/Application.php(299): Symfony\\Component\\Console\\Application->doRunCommand()
#32 /var/www/html/QM/blog/vendor/symfony/console/Application.php(171): Symfony\\Component\\Console\\Application->doRun()
#33 /var/www/html/QM/blog/vendor/illuminate/console/Application.php(102): Symfony\\Component\\Console\\Application->run()
#34 /var/www/html/QM/blog/vendor/laravel/lumen-framework/src/Console/Kernel.php(116): Illuminate\\Console\\Application->run()
#35 /var/www/html/QM/blog/artisan(35): Laravel\\Lumen\\Console\\Kernel->handle()
#36 {main}
"} 
[2022-10-17 11:17:51] local.ERROR: Class "App\Http\Controllers\User" not found {"exception":"[object] (Error(code: 0): Class \"App\\Http\\Controllers\\User\" not found at /var/www/html/QM/blog/app/Http/Controllers/AuthController.php:55)
[stacktrace]
#0 /var/www/html/QM/blog/vendor/illuminate/container/BoundMethod.php(36): App\\Http\\Controllers\\AuthController->register()
#1 /var/www/html/QM/blog/vendor/illuminate/container/Util.php(41): Illuminate\\Container\\BoundMethod::Illuminate\\Container\\{closure}()
#2 /var/www/html/QM/blog/vendor/illuminate/container/BoundMethod.php(93): Illuminate\\Container\\Util::unwrapIfClosure()
#3 /var/www/html/QM/blog/vendor/illuminate/container/BoundMethod.php(37): Illuminate\\Container\\BoundMethod::callBoundMethod()
#4 /var/www/html/QM/blog/vendor/illuminate/container/Container.php(651): Illuminate\\Container\\BoundMethod::call()
#5 /var/www/html/QM/blog/vendor/laravel/lumen-framework/src/Concerns/RoutesRequests.php(389): Illuminate\\Container\\Container->call()
#6 /var/www/html/QM/blog/vendor/laravel/lumen-framework/src/Concerns/RoutesRequests.php(355): Laravel\\Lumen\\Application->callControllerCallable()
#7 /var/www/html/QM/blog/vendor/laravel/lumen-framework/src/Concerns/RoutesRequests.php(329): Laravel\\Lumen\\Application->callLumenController()
#8 /var/www/html/QM/blog/vendor/laravel/lumen-framework/src/Concerns/RoutesRequests.php(282): Laravel\\Lumen\\Application->callControllerAction()
#9 /var/www/html/QM/blog/vendor/laravel/lumen-framework/src/Concerns/RoutesRequests.php(267): Laravel\\Lumen\\Application->callActionOnArrayBasedRoute()
#10 /var/www/html/QM/blog/vendor/laravel/lumen-framework/src/Concerns/RoutesRequests.php(169): Laravel\\Lumen\\Application->handleFoundRoute()
#11 /var/www/html/QM/blog/vendor/laravel/lumen-framework/src/Concerns/RoutesRequests.php(429): Laravel\\Lumen\\Application->Laravel\\Lumen\\Concerns\\{closure}()
#12 /var/www/html/QM/blog/vendor/laravel/lumen-framework/src/Concerns/RoutesRequests.php(175): Laravel\\Lumen\\Application->sendThroughPipeline()
#13 /var/www/html/QM/blog/vendor/laravel/lumen-framework/src/Concerns/RoutesRequests.php(112): Laravel\\Lumen\\Application->dispatch()
#14 /var/www/html/QM/blog/public/index.php(28): Laravel\\Lumen\\Application->run()
#15 {main}
"} 
[2022-10-17 11:56:19] local.ERROR: Class "App\Http\Controllers\User" not found {"exception":"[object] (Error(code: 0): Class \"App\\Http\\Controllers\\User\" not found at /var/www/html/QM/blog/app/Http/Controllers/AuthController.php:55)
[stacktrace]
#0 /var/www/html/QM/blog/vendor/illuminate/container/BoundMethod.php(36): App\\Http\\Controllers\\AuthController->register()
#1 /var/www/html/QM/blog/vendor/illuminate/container/Util.php(41): Illuminate\\Container\\BoundMethod::Illuminate\\Container\\{closure}()
#2 /var/www/html/QM/blog/vendor/illuminate/container/BoundMethod.php(93): Illuminate\\Container\\Util::unwrapIfClosure()
#3 /var/www/html/QM/blog/vendor/illuminate/container/BoundMethod.php(37): Illuminate\\Container\\BoundMethod::callBoundMethod()
#4 /var/www/html/QM/blog/vendor/illuminate/container/Container.php(651): Illuminate\\Container\\BoundMethod::call()
#5 /var/www/html/QM/blog/vendor/laravel/lumen-framework/src/Concerns/RoutesRequests.php(389): Illuminate\\Container\\Container->call()
#6 /var/www/html/QM/blog/vendor/laravel/lumen-framework/src/Concerns/RoutesRequests.php(355): Laravel\\Lumen\\Application->callControllerCallable()
#7 /var/www/html/QM/blog/vendor/laravel/lumen-framework/src/Concerns/RoutesRequests.php(329): Laravel\\Lumen\\Application->callLumenController()
#8 /var/www/html/QM/blog/vendor/laravel/lumen-framework/src/Concerns/RoutesRequests.php(282): Laravel\\Lumen\\Application->callControllerAction()
#9 /var/www/html/QM/blog/vendor/laravel/lumen-framework/src/Concerns/RoutesRequests.php(267): Laravel\\Lumen\\Application->callActionOnArrayBasedRoute()
#10 /var/www/html/QM/blog/vendor/laravel/lumen-framework/src/Concerns/RoutesRequests.php(169): Laravel\\Lumen\\Application->handleFoundRoute()
#11 /var/www/html/QM/blog/vendor/laravel/lumen-framework/src/Concerns/RoutesRequests.php(429): Laravel\\Lumen\\Application->Laravel\\Lumen\\Concerns\\{closure}()
#12 /var/www/html/QM/blog/vendor/laravel/lumen-framework/src/Concerns/RoutesRequests.php(175): Laravel\\Lumen\\Application->sendThroughPipeline()
#13 /var/www/html/QM/blog/vendor/laravel/lumen-framework/src/Concerns/RoutesRequests.php(112): Laravel\\Lumen\\Application->dispatch()
#14 /var/www/html/QM/blog/public/index.php(28): Laravel\\Lumen\\Application->run()
#15 {main}
"} 
[2022-10-17 12:20:45] local.ERROR: Class "App\Http\Controllers\User" not found {"exception":"[object] (Error(code: 0): Class \"App\\Http\\Controllers\\User\" not found at /var/www/html/QM/blog/app/Http/Controllers/AuthController.php:55)
[stacktrace]
#0 /var/www/html/QM/blog/vendor/illuminate/container/BoundMethod.php(36): App\\Http\\Controllers\\AuthController->register()
#1 /var/www/html/QM/blog/vendor/illuminate/container/Util.php(41): Illuminate\\Container\\BoundMethod::Illuminate\\Container\\{closure}()
#2 /var/www/html/QM/blog/vendor/illuminate/container/BoundMethod.php(93): Illuminate\\Container\\Util::unwrapIfClosure()
#3 /var/www/html/QM/blog/vendor/illuminate/container/BoundMethod.php(37): Illuminate\\Container\\BoundMethod::callBoundMethod()
#4 /var/www/html/QM/blog/vendor/illuminate/container/Container.php(651): Illuminate\\Container\\BoundMethod::call()
#5 /var/www/html/QM/blog/vendor/laravel/lumen-framework/src/Concerns/RoutesRequests.php(389): Illuminate\\Container\\Container->call()
#6 /var/www/html/QM/blog/vendor/laravel/lumen-framework/src/Concerns/RoutesRequests.php(355): Laravel\\Lumen\\Application->callControllerCallable()
#7 /var/www/html/QM/blog/vendor/laravel/lumen-framework/src/Concerns/RoutesRequests.php(329): Laravel\\Lumen\\Application->callLumenController()
#8 /var/www/html/QM/blog/vendor/laravel/lumen-framework/src/Concerns/RoutesRequests.php(282): Laravel\\Lumen\\Application->callControllerAction()
#9 /var/www/html/QM/blog/vendor/laravel/lumen-framework/src/Concerns/RoutesRequests.php(267): Laravel\\Lumen\\Application->callActionOnArrayBasedRoute()
#10 /var/www/html/QM/blog/vendor/laravel/lumen-framework/src/Concerns/RoutesRequests.php(169): Laravel\\Lumen\\Application->handleFoundRoute()
#11 /var/www/html/QM/blog/vendor/laravel/lumen-framework/src/Concerns/RoutesRequests.php(429): Laravel\\Lumen\\Application->Laravel\\Lumen\\Concerns\\{closure}()
#12 /var/www/html/QM/blog/vendor/laravel/lumen-framework/src/Concerns/RoutesRequests.php(175): Laravel\\Lumen\\Application->sendThroughPipeline()
#13 /var/www/html/QM/blog/vendor/laravel/lumen-framework/src/Concerns/RoutesRequests.php(112): Laravel\\Lumen\\Application->dispatch()
#14 /var/www/html/QM/blog/public/index.php(28): Laravel\\Lumen\\Application->run()
#15 {main}
"} 
[2022-10-17 12:22:24] local.ERROR: Call to a member function connection() on null {"exception":"[object] (Error(code: 0): Call to a member function connection() on null at /var/www/html/QM/blog/vendor/illuminate/database/Eloquent/Model.php:1769)
[stacktrace]
#0 /var/www/html/QM/blog/vendor/illuminate/database/Eloquent/Model.php(1735): Illuminate\\Database\\Eloquent\\Model::resolveConnection()
#1 /var/www/html/QM/blog/vendor/illuminate/database/Eloquent/Model.php(1527): Illuminate\\Database\\Eloquent\\Model->getConnection()
#2 /var/www/html/QM/blog/vendor/illuminate/database/Eloquent/Model.php(1444): Illuminate\\Database\\Eloquent\\Model->newBaseQueryBuilder()
#3 /var/www/html/QM/blog/vendor/illuminate/database/Eloquent/Model.php(1480): Illuminate\\Database\\Eloquent\\Model->newModelQuery()
#4 /var/www/html/QM/blog/vendor/illuminate/database/Eloquent/Model.php(1433): Illuminate\\Database\\Eloquent\\Model->newQueryWithoutScopes()
#5 /var/www/html/QM/blog/vendor/illuminate/database/Eloquent/Model.php(2275): Illuminate\\Database\\Eloquent\\Model->newQuery()
#6 /var/www/html/QM/blog/vendor/illuminate/database/Eloquent/Model.php(2287): Illuminate\\Database\\Eloquent\\Model->__call()
#7 /var/www/html/QM/blog/app/Http/Controllers/AuthController.php(55): Illuminate\\Database\\Eloquent\\Model::__callStatic()
#8 /var/www/html/QM/blog/vendor/illuminate/container/BoundMethod.php(36): App\\Http\\Controllers\\AuthController->register()
#9 /var/www/html/QM/blog/vendor/illuminate/container/Util.php(41): Illuminate\\Container\\BoundMethod::Illuminate\\Container\\{closure}()
#10 /var/www/html/QM/blog/vendor/illuminate/container/BoundMethod.php(93): Illuminate\\Container\\Util::unwrapIfClosure()
#11 /var/www/html/QM/blog/vendor/illuminate/container/BoundMethod.php(37): Illuminate\\Container\\BoundMethod::callBoundMethod()
#12 /var/www/html/QM/blog/vendor/illuminate/container/Container.php(651): Illuminate\\Container\\BoundMethod::call()
#13 /var/www/html/QM/blog/vendor/laravel/lumen-framework/src/Concerns/RoutesRequests.php(389): Illuminate\\Container\\Container->call()
#14 /var/www/html/QM/blog/vendor/laravel/lumen-framework/src/Concerns/RoutesRequests.php(355): Laravel\\Lumen\\Application->callControllerCallable()
#15 /var/www/html/QM/blog/vendor/laravel/lumen-framework/src/Concerns/RoutesRequests.php(329): Laravel\\Lumen\\Application->callLumenController()
#16 /var/www/html/QM/blog/vendor/laravel/lumen-framework/src/Concerns/RoutesRequests.php(282): Laravel\\Lumen\\Application->callControllerAction()
#17 /var/www/html/QM/blog/vendor/laravel/lumen-framework/src/Concerns/RoutesRequests.php(267): Laravel\\Lumen\\Application->callActionOnArrayBasedRoute()
#18 /var/www/html/QM/blog/vendor/laravel/lumen-framework/src/Concerns/RoutesRequests.php(169): Laravel\\Lumen\\Application->handleFoundRoute()
#19 /var/www/html/QM/blog/vendor/laravel/lumen-framework/src/Concerns/RoutesRequests.php(429): Laravel\\Lumen\\Application->Laravel\\Lumen\\Concerns\\{closure}()
#20 /var/www/html/QM/blog/vendor/laravel/lumen-framework/src/Concerns/RoutesRequests.php(175): Laravel\\Lumen\\Application->sendThroughPipeline()
#21 /var/www/html/QM/blog/vendor/laravel/lumen-framework/src/Concerns/RoutesRequests.php(112): Laravel\\Lumen\\Application->dispatch()
#22 /var/www/html/QM/blog/public/index.php(28): Laravel\\Lumen\\Application->run()
#23 {main}
"} 
[2022-10-17 12:26:09] local.ERROR: SQLSTATE[42S22]: Column not found: 1054 Unknown column 'email' in 'where clause' (SQL: select exists(select * from `users` where `email` = akhilbenny.7@gmail.com) as `exists`) {"exception":"[object] (Illuminate\\Database\\QueryException(code: 42S22): SQLSTATE[42S22]: Column not found: 1054 Unknown column 'email' in 'where clause' (SQL: select exists(select * from `users` where `email` = akhilbenny.7@gmail.com) as `exists`) at /var/www/html/QM/blog/vendor/illuminate/database/Connection.php:759)
[stacktrace]
#0 /var/www/html/QM/blog/vendor/illuminate/database/Connection.php(719): Illuminate\\Database\\Connection->runQueryCallback()
#1 /var/www/html/QM/blog/vendor/illuminate/database/Connection.php(421): Illuminate\\Database\\Connection->run()
#2 /var/www/html/QM/blog/vendor/illuminate/database/Query/Builder.php(2960): Illuminate\\Database\\Connection->select()
#3 /var/www/html/QM/blog/vendor/illuminate/database/Eloquent/Builder.php(1858): Illuminate\\Database\\Query\\Builder->exists()
#4 /var/www/html/QM/blog/app/Http/Controllers/AuthController.php(55): Illuminate\\Database\\Eloquent\\Builder->__call()
#5 /var/www/html/QM/blog/vendor/illuminate/container/BoundMethod.php(36): App\\Http\\Controllers\\AuthController->register()
#6 /var/www/html/QM/blog/vendor/illuminate/container/Util.php(41): Illuminate\\Container\\BoundMethod::Illuminate\\Container\\{closure}()
#7 /var/www/html/QM/blog/vendor/illuminate/container/BoundMethod.php(93): Illuminate\\Container\\Util::unwrapIfClosure()
#8 /var/www/html/QM/blog/vendor/illuminate/container/BoundMethod.php(37): Illuminate\\Container\\BoundMethod::callBoundMethod()
#9 /var/www/html/QM/blog/vendor/illuminate/container/Container.php(651): Illuminate\\Container\\BoundMethod::call()
#10 /var/www/html/QM/blog/vendor/laravel/lumen-framework/src/Concerns/RoutesRequests.php(389): Illuminate\\Container\\Container->call()
#11 /var/www/html/QM/blog/vendor/laravel/lumen-framework/src/Concerns/RoutesRequests.php(355): Laravel\\Lumen\\Application->callControllerCallable()
#12 /var/www/html/QM/blog/vendor/laravel/lumen-framework/src/Concerns/RoutesRequests.php(329): Laravel\\Lumen\\Application->callLumenController()
#13 /var/www/html/QM/blog/vendor/laravel/lumen-framework/src/Concerns/RoutesRequests.php(282): Laravel\\Lumen\\Application->callControllerAction()
#14 /var/www/html/QM/blog/vendor/laravel/lumen-framework/src/Concerns/RoutesRequests.php(267): Laravel\\Lumen\\Application->callActionOnArrayBasedRoute()
#15 /var/www/html/QM/blog/vendor/laravel/lumen-framework/src/Concerns/RoutesRequests.php(169): Laravel\\Lumen\\Application->handleFoundRoute()
#16 /var/www/html/QM/blog/vendor/laravel/lumen-framework/src/Concerns/RoutesRequests.php(429): Laravel\\Lumen\\Application->Laravel\\Lumen\\Concerns\\{closure}()
#17 /var/www/html/QM/blog/vendor/laravel/lumen-framework/src/Concerns/RoutesRequests.php(175): Laravel\\Lumen\\Application->sendThroughPipeline()
#18 /var/www/html/QM/blog/vendor/laravel/lumen-framework/src/Concerns/RoutesRequests.php(112): Laravel\\Lumen\\Application->dispatch()
#19 /var/www/html/QM/blog/public/index.php(28): Laravel\\Lumen\\Application->run()
#20 {main}

[previous exception] [object] (PDOException(code: 42S22): SQLSTATE[42S22]: Column not found: 1054 Unknown column 'email' in 'where clause' at /var/www/html/QM/blog/vendor/illuminate/database/Connection.php:413)
[stacktrace]
#0 /var/www/html/QM/blog/vendor/illuminate/database/Connection.php(413): PDO->prepare()
#1 /var/www/html/QM/blog/vendor/illuminate/database/Connection.php(752): Illuminate\\Database\\Connection->Illuminate\\Database\\{closure}()
#2 /var/www/html/QM/blog/vendor/illuminate/database/Connection.php(719): Illuminate\\Database\\Connection->runQueryCallback()
#3 /var/www/html/QM/blog/vendor/illuminate/database/Connection.php(421): Illuminate\\Database\\Connection->run()
#4 /var/www/html/QM/blog/vendor/illuminate/database/Query/Builder.php(2960): Illuminate\\Database\\Connection->select()
#5 /var/www/html/QM/blog/vendor/illuminate/database/Eloquent/Builder.php(1858): Illuminate\\Database\\Query\\Builder->exists()
#6 /var/www/html/QM/blog/app/Http/Controllers/AuthController.php(55): Illuminate\\Database\\Eloquent\\Builder->__call()
#7 /var/www/html/QM/blog/vendor/illuminate/container/BoundMethod.php(36): App\\Http\\Controllers\\AuthController->register()
#8 /var/www/html/QM/blog/vendor/illuminate/container/Util.php(41): Illuminate\\Container\\BoundMethod::Illuminate\\Container\\{closure}()
#9 /var/www/html/QM/blog/vendor/illuminate/container/BoundMethod.php(93): Illuminate\\Container\\Util::unwrapIfClosure()
#10 /var/www/html/QM/blog/vendor/illuminate/container/BoundMethod.php(37): Illuminate\\Container\\BoundMethod::callBoundMethod()
#11 /var/www/html/QM/blog/vendor/illuminate/container/Container.php(651): Illuminate\\Container\\BoundMethod::call()
#12 /var/www/html/QM/blog/vendor/laravel/lumen-framework/src/Concerns/RoutesRequests.php(389): Illuminate\\Container\\Container->call()
#13 /var/www/html/QM/blog/vendor/laravel/lumen-framework/src/Concerns/RoutesRequests.php(355): Laravel\\Lumen\\Application->callControllerCallable()
#14 /var/www/html/QM/blog/vendor/laravel/lumen-framework/src/Concerns/RoutesRequests.php(329): Laravel\\Lumen\\Application->callLumenController()
#15 /var/www/html/QM/blog/vendor/laravel/lumen-framework/src/Concerns/RoutesRequests.php(282): Laravel\\Lumen\\Application->callControllerAction()
#16 /var/www/html/QM/blog/vendor/laravel/lumen-framework/src/Concerns/RoutesRequests.php(267): Laravel\\Lumen\\Application->callActionOnArrayBasedRoute()
#17 /var/www/html/QM/blog/vendor/laravel/lumen-framework/src/Concerns/RoutesRequests.php(169): Laravel\\Lumen\\Application->handleFoundRoute()
#18 /var/www/html/QM/blog/vendor/laravel/lumen-framework/src/Concerns/RoutesRequests.php(429): Laravel\\Lumen\\Application->Laravel\\Lumen\\Concerns\\{closure}()
#19 /var/www/html/QM/blog/vendor/laravel/lumen-framework/src/Concerns/RoutesRequests.php(175): Laravel\\Lumen\\Application->sendThroughPipeline()
#20 /var/www/html/QM/blog/vendor/laravel/lumen-framework/src/Concerns/RoutesRequests.php(112): Laravel\\Lumen\\Application->dispatch()
#21 /var/www/html/QM/blog/public/index.php(28): Laravel\\Lumen\\Application->run()
#22 {main}
"} 
[2022-10-17 12:38:52] local.ERROR: SQLSTATE[42S22]: Column not found: 1054 Unknown column 'email' in 'where clause' (SQL: select exists(select * from `users` where `email` = akhilbenny.7@gmail.com) as `exists`) {"exception":"[object] (Illuminate\\Database\\QueryException(code: 42S22): SQLSTATE[42S22]: Column not found: 1054 Unknown column 'email' in 'where clause' (SQL: select exists(select * from `users` where `email` = akhilbenny.7@gmail.com) as `exists`) at /var/www/html/QM/blog/vendor/illuminate/database/Connection.php:759)
[stacktrace]
#0 /var/www/html/QM/blog/vendor/illuminate/database/Connection.php(719): Illuminate\\Database\\Connection->runQueryCallback()
#1 /var/www/html/QM/blog/vendor/illuminate/database/Connection.php(421): Illuminate\\Database\\Connection->run()
#2 /var/www/html/QM/blog/vendor/illuminate/database/Query/Builder.php(2960): Illuminate\\Database\\Connection->select()
#3 /var/www/html/QM/blog/vendor/illuminate/database/Eloquent/Builder.php(1858): Illuminate\\Database\\Query\\Builder->exists()
#4 /var/www/html/QM/blog/app/Http/Controllers/AuthController.php(55): Illuminate\\Database\\Eloquent\\Builder->__call()
#5 /var/www/html/QM/blog/vendor/illuminate/container/BoundMethod.php(36): App\\Http\\Controllers\\AuthController->register()
#6 /var/www/html/QM/blog/vendor/illuminate/container/Util.php(41): Illuminate\\Container\\BoundMethod::Illuminate\\Container\\{closure}()
#7 /var/www/html/QM/blog/vendor/illuminate/container/BoundMethod.php(93): Illuminate\\Container\\Util::unwrapIfClosure()
#8 /var/www/html/QM/blog/vendor/illuminate/container/BoundMethod.php(37): Illuminate\\Container\\BoundMethod::callBoundMethod()
#9 /var/www/html/QM/blog/vendor/illuminate/container/Container.php(651): Illuminate\\Container\\BoundMethod::call()
#10 /var/www/html/QM/blog/vendor/laravel/lumen-framework/src/Concerns/RoutesRequests.php(389): Illuminate\\Container\\Container->call()
#11 /var/www/html/QM/blog/vendor/laravel/lumen-framework/src/Concerns/RoutesRequests.php(355): Laravel\\Lumen\\Application->callControllerCallable()
#12 /var/www/html/QM/blog/vendor/laravel/lumen-framework/src/Concerns/RoutesRequests.php(329): Laravel\\Lumen\\Application->callLumenController()
#13 /var/www/html/QM/blog/vendor/laravel/lumen-framework/src/Concerns/RoutesRequests.php(282): Laravel\\Lumen\\Application->callControllerAction()
#14 /var/www/html/QM/blog/vendor/laravel/lumen-framework/src/Concerns/RoutesRequests.php(267): Laravel\\Lumen\\Application->callActionOnArrayBasedRoute()
#15 /var/www/html/QM/blog/vendor/laravel/lumen-framework/src/Concerns/RoutesRequests.php(169): Laravel\\Lumen\\Application->handleFoundRoute()
#16 /var/www/html/QM/blog/vendor/laravel/lumen-framework/src/Concerns/RoutesRequests.php(429): Laravel\\Lumen\\Application->Laravel\\Lumen\\Concerns\\{closure}()
#17 /var/www/html/QM/blog/vendor/laravel/lumen-framework/src/Concerns/RoutesRequests.php(175): Laravel\\Lumen\\Application->sendThroughPipeline()
#18 /var/www/html/QM/blog/vendor/laravel/lumen-framework/src/Concerns/RoutesRequests.php(112): Laravel\\Lumen\\Application->dispatch()
#19 /var/www/html/QM/blog/public/index.php(28): Laravel\\Lumen\\Application->run()
#20 {main}

[previous exception] [object] (PDOException(code: 42S22): SQLSTATE[42S22]: Column not found: 1054 Unknown column 'email' in 'where clause' at /var/www/html/QM/blog/vendor/illuminate/database/Connection.php:413)
[stacktrace]
#0 /var/www/html/QM/blog/vendor/illuminate/database/Connection.php(413): PDO->prepare()
#1 /var/www/html/QM/blog/vendor/illuminate/database/Connection.php(752): Illuminate\\Database\\Connection->Illuminate\\Database\\{closure}()
#2 /var/www/html/QM/blog/vendor/illuminate/database/Connection.php(719): Illuminate\\Database\\Connection->runQueryCallback()
#3 /var/www/html/QM/blog/vendor/illuminate/database/Connection.php(421): Illuminate\\Database\\Connection->run()
#4 /var/www/html/QM/blog/vendor/illuminate/database/Query/Builder.php(2960): Illuminate\\Database\\Connection->select()
#5 /var/www/html/QM/blog/vendor/illuminate/database/Eloquent/Builder.php(1858): Illuminate\\Database\\Query\\Builder->exists()
#6 /var/www/html/QM/blog/app/Http/Controllers/AuthController.php(55): Illuminate\\Database\\Eloquent\\Builder->__call()
#7 /var/www/html/QM/blog/vendor/illuminate/container/BoundMethod.php(36): App\\Http\\Controllers\\AuthController->register()
#8 /var/www/html/QM/blog/vendor/illuminate/container/Util.php(41): Illuminate\\Container\\BoundMethod::Illuminate\\Container\\{closure}()
#9 /var/www/html/QM/blog/vendor/illuminate/container/BoundMethod.php(93): Illuminate\\Container\\Util::unwrapIfClosure()
#10 /var/www/html/QM/blog/vendor/illuminate/container/BoundMethod.php(37): Illuminate\\Container\\BoundMethod::callBoundMethod()
#11 /var/www/html/QM/blog/vendor/illuminate/container/Container.php(651): Illuminate\\Container\\BoundMethod::call()
#12 /var/www/html/QM/blog/vendor/laravel/lumen-framework/src/Concerns/RoutesRequests.php(389): Illuminate\\Container\\Container->call()
#13 /var/www/html/QM/blog/vendor/laravel/lumen-framework/src/Concerns/RoutesRequests.php(355): Laravel\\Lumen\\Application->callControllerCallable()
#14 /var/www/html/QM/blog/vendor/laravel/lumen-framework/src/Concerns/RoutesRequests.php(329): Laravel\\Lumen\\Application->callLumenController()
#15 /var/www/html/QM/blog/vendor/laravel/lumen-framework/src/Concerns/RoutesRequests.php(282): Laravel\\Lumen\\Application->callControllerAction()
#16 /var/www/html/QM/blog/vendor/laravel/lumen-framework/src/Concerns/RoutesRequests.php(267): Laravel\\Lumen\\Application->callActionOnArrayBasedRoute()
#17 /var/www/html/QM/blog/vendor/laravel/lumen-framework/src/Concerns/RoutesRequests.php(169): Laravel\\Lumen\\Application->handleFoundRoute()
#18 /var/www/html/QM/blog/vendor/laravel/lumen-framework/src/Concerns/RoutesRequests.php(429): Laravel\\Lumen\\Application->Laravel\\Lumen\\Concerns\\{closure}()
#19 /var/www/html/QM/blog/vendor/laravel/lumen-framework/src/Concerns/RoutesRequests.php(175): Laravel\\Lumen\\Application->sendThroughPipeline()
#20 /var/www/html/QM/blog/vendor/laravel/lumen-framework/src/Concerns/RoutesRequests.php(112): Laravel\\Lumen\\Application->dispatch()
#21 /var/www/html/QM/blog/public/index.php(28): Laravel\\Lumen\\Application->run()
#22 {main}
"} 
[2022-10-17 12:41:43] local.ERROR: SQLSTATE[42S22]: Column not found: 1054 Unknown column 'email' in 'where clause' (SQL: select exists(select * from `users` where `email` = akhilbenny.7@gmail.com) as `exists`) {"exception":"[object] (Illuminate\\Database\\QueryException(code: 42S22): SQLSTATE[42S22]: Column not found: 1054 Unknown column 'email' in 'where clause' (SQL: select exists(select * from `users` where `email` = akhilbenny.7@gmail.com) as `exists`) at /var/www/html/QM/blog/vendor/illuminate/database/Connection.php:759)
[stacktrace]
#0 /var/www/html/QM/blog/vendor/illuminate/database/Connection.php(719): Illuminate\\Database\\Connection->runQueryCallback()
#1 /var/www/html/QM/blog/vendor/illuminate/database/Connection.php(421): Illuminate\\Database\\Connection->run()
#2 /var/www/html/QM/blog/vendor/illuminate/database/Query/Builder.php(2960): Illuminate\\Database\\Connection->select()
#3 /var/www/html/QM/blog/vendor/illuminate/database/Eloquent/Builder.php(1858): Illuminate\\Database\\Query\\Builder->exists()
#4 /var/www/html/QM/blog/app/Http/Controllers/AuthController.php(55): Illuminate\\Database\\Eloquent\\Builder->__call()
#5 /var/www/html/QM/blog/vendor/illuminate/container/BoundMethod.php(36): App\\Http\\Controllers\\AuthController->register()
#6 /var/www/html/QM/blog/vendor/illuminate/container/Util.php(41): Illuminate\\Container\\BoundMethod::Illuminate\\Container\\{closure}()
#7 /var/www/html/QM/blog/vendor/illuminate/container/BoundMethod.php(93): Illuminate\\Container\\Util::unwrapIfClosure()
#8 /var/www/html/QM/blog/vendor/illuminate/container/BoundMethod.php(37): Illuminate\\Container\\BoundMethod::callBoundMethod()
#9 /var/www/html/QM/blog/vendor/illuminate/container/Container.php(651): Illuminate\\Container\\BoundMethod::call()
#10 /var/www/html/QM/blog/vendor/laravel/lumen-framework/src/Concerns/RoutesRequests.php(389): Illuminate\\Container\\Container->call()
#11 /var/www/html/QM/blog/vendor/laravel/lumen-framework/src/Concerns/RoutesRequests.php(355): Laravel\\Lumen\\Application->callControllerCallable()
#12 /var/www/html/QM/blog/vendor/laravel/lumen-framework/src/Concerns/RoutesRequests.php(329): Laravel\\Lumen\\Application->callLumenController()
#13 /var/www/html/QM/blog/vendor/laravel/lumen-framework/src/Concerns/RoutesRequests.php(282): Laravel\\Lumen\\Application->callControllerAction()
#14 /var/www/html/QM/blog/vendor/laravel/lumen-framework/src/Concerns/RoutesRequests.php(267): Laravel\\Lumen\\Application->callActionOnArrayBasedRoute()
#15 /var/www/html/QM/blog/vendor/laravel/lumen-framework/src/Concerns/RoutesRequests.php(169): Laravel\\Lumen\\Application->handleFoundRoute()
#16 /var/www/html/QM/blog/vendor/laravel/lumen-framework/src/Concerns/RoutesRequests.php(429): Laravel\\Lumen\\Application->Laravel\\Lumen\\Concerns\\{closure}()
#17 /var/www/html/QM/blog/vendor/laravel/lumen-framework/src/Concerns/RoutesRequests.php(175): Laravel\\Lumen\\Application->sendThroughPipeline()
#18 /var/www/html/QM/blog/vendor/laravel/lumen-framework/src/Concerns/RoutesRequests.php(112): Laravel\\Lumen\\Application->dispatch()
#19 /var/www/html/QM/blog/public/index.php(28): Laravel\\Lumen\\Application->run()
#20 {main}

[previous exception] [object] (PDOException(code: 42S22): SQLSTATE[42S22]: Column not found: 1054 Unknown column 'email' in 'where clause' at /var/www/html/QM/blog/vendor/illuminate/database/Connection.php:413)
[stacktrace]
#0 /var/www/html/QM/blog/vendor/illuminate/database/Connection.php(413): PDO->prepare()
#1 /var/www/html/QM/blog/vendor/illuminate/database/Connection.php(752): Illuminate\\Database\\Connection->Illuminate\\Database\\{closure}()
#2 /var/www/html/QM/blog/vendor/illuminate/database/Connection.php(719): Illuminate\\Database\\Connection->runQueryCallback()
#3 /var/www/html/QM/blog/vendor/illuminate/database/Connection.php(421): Illuminate\\Database\\Connection->run()
#4 /var/www/html/QM/blog/vendor/illuminate/database/Query/Builder.php(2960): Illuminate\\Database\\Connection->select()
#5 /var/www/html/QM/blog/vendor/illuminate/database/Eloquent/Builder.php(1858): Illuminate\\Database\\Query\\Builder->exists()
#6 /var/www/html/QM/blog/app/Http/Controllers/AuthController.php(55): Illuminate\\Database\\Eloquent\\Builder->__call()
#7 /var/www/html/QM/blog/vendor/illuminate/container/BoundMethod.php(36): App\\Http\\Controllers\\AuthController->register()
#8 /var/www/html/QM/blog/vendor/illuminate/container/Util.php(41): Illuminate\\Container\\BoundMethod::Illuminate\\Container\\{closure}()
#9 /var/www/html/QM/blog/vendor/illuminate/container/BoundMethod.php(93): Illuminate\\Container\\Util::unwrapIfClosure()
#10 /var/www/html/QM/blog/vendor/illuminate/container/BoundMethod.php(37): Illuminate\\Container\\BoundMethod::callBoundMethod()
#11 /var/www/html/QM/blog/vendor/illuminate/container/Container.php(651): Illuminate\\Container\\BoundMethod::call()
#12 /var/www/html/QM/blog/vendor/laravel/lumen-framework/src/Concerns/RoutesRequests.php(389): Illuminate\\Container\\Container->call()
#13 /var/www/html/QM/blog/vendor/laravel/lumen-framework/src/Concerns/RoutesRequests.php(355): Laravel\\Lumen\\Application->callControllerCallable()
#14 /var/www/html/QM/blog/vendor/laravel/lumen-framework/src/Concerns/RoutesRequests.php(329): Laravel\\Lumen\\Application->callLumenController()
#15 /var/www/html/QM/blog/vendor/laravel/lumen-framework/src/Concerns/RoutesRequests.php(282): Laravel\\Lumen\\Application->callControllerAction()
#16 /var/www/html/QM/blog/vendor/laravel/lumen-framework/src/Concerns/RoutesRequests.php(267): Laravel\\Lumen\\Application->callActionOnArrayBasedRoute()
#17 /var/www/html/QM/blog/vendor/laravel/lumen-framework/src/Concerns/RoutesRequests.php(169): Laravel\\Lumen\\Application->handleFoundRoute()
#18 /var/www/html/QM/blog/vendor/laravel/lumen-framework/src/Concerns/RoutesRequests.php(429): Laravel\\Lumen\\Application->Laravel\\Lumen\\Concerns\\{closure}()
#19 /var/www/html/QM/blog/vendor/laravel/lumen-framework/src/Concerns/RoutesRequests.php(175): Laravel\\Lumen\\Application->sendThroughPipeline()
#20 /var/www/html/QM/blog/vendor/laravel/lumen-framework/src/Concerns/RoutesRequests.php(112): Laravel\\Lumen\\Application->dispatch()
#21 /var/www/html/QM/blog/public/index.php(28): Laravel\\Lumen\\Application->run()
#22 {main}
"} 
[2022-10-17 12:46:13] local.ERROR: SQLSTATE[42S22]: Column not found: 1054 Unknown column 'email' in 'where clause' (SQL: select exists(select * from `users` where `email` = akhilbenny.7@gmail.com) as `exists`) {"exception":"[object] (Illuminate\\Database\\QueryException(code: 42S22): SQLSTATE[42S22]: Column not found: 1054 Unknown column 'email' in 'where clause' (SQL: select exists(select * from `users` where `email` = akhilbenny.7@gmail.com) as `exists`) at /var/www/html/QM/blog/vendor/illuminate/database/Connection.php:759)
[stacktrace]
#0 /var/www/html/QM/blog/vendor/illuminate/database/Connection.php(719): Illuminate\\Database\\Connection->runQueryCallback()
#1 /var/www/html/QM/blog/vendor/illuminate/database/Connection.php(421): Illuminate\\Database\\Connection->run()
#2 /var/www/html/QM/blog/vendor/illuminate/database/Query/Builder.php(2960): Illuminate\\Database\\Connection->select()
#3 /var/www/html/QM/blog/vendor/illuminate/database/Eloquent/Builder.php(1858): Illuminate\\Database\\Query\\Builder->exists()
#4 /var/www/html/QM/blog/app/Http/Controllers/AuthController.php(55): Illuminate\\Database\\Eloquent\\Builder->__call()
#5 /var/www/html/QM/blog/vendor/illuminate/container/BoundMethod.php(36): App\\Http\\Controllers\\AuthController->register()
#6 /var/www/html/QM/blog/vendor/illuminate/container/Util.php(41): Illuminate\\Container\\BoundMethod::Illuminate\\Container\\{closure}()
#7 /var/www/html/QM/blog/vendor/illuminate/container/BoundMethod.php(93): Illuminate\\Container\\Util::unwrapIfClosure()
#8 /var/www/html/QM/blog/vendor/illuminate/container/BoundMethod.php(37): Illuminate\\Container\\BoundMethod::callBoundMethod()
#9 /var/www/html/QM/blog/vendor/illuminate/container/Container.php(651): Illuminate\\Container\\BoundMethod::call()
#10 /var/www/html/QM/blog/vendor/laravel/lumen-framework/src/Concerns/RoutesRequests.php(389): Illuminate\\Container\\Container->call()
#11 /var/www/html/QM/blog/vendor/laravel/lumen-framework/src/Concerns/RoutesRequests.php(355): Laravel\\Lumen\\Application->callControllerCallable()
#12 /var/www/html/QM/blog/vendor/laravel/lumen-framework/src/Concerns/RoutesRequests.php(329): Laravel\\Lumen\\Application->callLumenController()
#13 /var/www/html/QM/blog/vendor/laravel/lumen-framework/src/Concerns/RoutesRequests.php(282): Laravel\\Lumen\\Application->callControllerAction()
#14 /var/www/html/QM/blog/vendor/laravel/lumen-framework/src/Concerns/RoutesRequests.php(267): Laravel\\Lumen\\Application->callActionOnArrayBasedRoute()
#15 /var/www/html/QM/blog/vendor/laravel/lumen-framework/src/Concerns/RoutesRequests.php(169): Laravel\\Lumen\\Application->handleFoundRoute()
#16 /var/www/html/QM/blog/vendor/laravel/lumen-framework/src/Concerns/RoutesRequests.php(429): Laravel\\Lumen\\Application->Laravel\\Lumen\\Concerns\\{closure}()
#17 /var/www/html/QM/blog/vendor/laravel/lumen-framework/src/Concerns/RoutesRequests.php(175): Laravel\\Lumen\\Application->sendThroughPipeline()
#18 /var/www/html/QM/blog/vendor/laravel/lumen-framework/src/Concerns/RoutesRequests.php(112): Laravel\\Lumen\\Application->dispatch()
#19 /var/www/html/QM/blog/public/index.php(28): Laravel\\Lumen\\Application->run()
#20 {main}

[previous exception] [object] (PDOException(code: 42S22): SQLSTATE[42S22]: Column not found: 1054 Unknown column 'email' in 'where clause' at /var/www/html/QM/blog/vendor/illuminate/database/Connection.php:413)
[stacktrace]
#0 /var/www/html/QM/blog/vendor/illuminate/database/Connection.php(413): PDO->prepare()
#1 /var/www/html/QM/blog/vendor/illuminate/database/Connection.php(752): Illuminate\\Database\\Connection->Illuminate\\Database\\{closure}()
#2 /var/www/html/QM/blog/vendor/illuminate/database/Connection.php(719): Illuminate\\Database\\Connection->runQueryCallback()
#3 /var/www/html/QM/blog/vendor/illuminate/database/Connection.php(421): Illuminate\\Database\\Connection->run()
#4 /var/www/html/QM/blog/vendor/illuminate/database/Query/Builder.php(2960): Illuminate\\Database\\Connection->select()
#5 /var/www/html/QM/blog/vendor/illuminate/database/Eloquent/Builder.php(1858): Illuminate\\Database\\Query\\Builder->exists()
#6 /var/www/html/QM/blog/app/Http/Controllers/AuthController.php(55): Illuminate\\Database\\Eloquent\\Builder->__call()
#7 /var/www/html/QM/blog/vendor/illuminate/container/BoundMethod.php(36): App\\Http\\Controllers\\AuthController->register()
#8 /var/www/html/QM/blog/vendor/illuminate/container/Util.php(41): Illuminate\\Container\\BoundMethod::Illuminate\\Container\\{closure}()
#9 /var/www/html/QM/blog/vendor/illuminate/container/BoundMethod.php(93): Illuminate\\Container\\Util::unwrapIfClosure()
#10 /var/www/html/QM/blog/vendor/illuminate/container/BoundMethod.php(37): Illuminate\\Container\\BoundMethod::callBoundMethod()
#11 /var/www/html/QM/blog/vendor/illuminate/container/Container.php(651): Illuminate\\Container\\BoundMethod::call()
#12 /var/www/html/QM/blog/vendor/laravel/lumen-framework/src/Concerns/RoutesRequests.php(389): Illuminate\\Container\\Container->call()
#13 /var/www/html/QM/blog/vendor/laravel/lumen-framework/src/Concerns/RoutesRequests.php(355): Laravel\\Lumen\\Application->callControllerCallable()
#14 /var/www/html/QM/blog/vendor/laravel/lumen-framework/src/Concerns/RoutesRequests.php(329): Laravel\\Lumen\\Application->callLumenController()
#15 /var/www/html/QM/blog/vendor/laravel/lumen-framework/src/Concerns/RoutesRequests.php(282): Laravel\\Lumen\\Application->callControllerAction()
#16 /var/www/html/QM/blog/vendor/laravel/lumen-framework/src/Concerns/RoutesRequests.php(267): Laravel\\Lumen\\Application->callActionOnArrayBasedRoute()
#17 /var/www/html/QM/blog/vendor/laravel/lumen-framework/src/Concerns/RoutesRequests.php(169): Laravel\\Lumen\\Application->handleFoundRoute()
#18 /var/www/html/QM/blog/vendor/laravel/lumen-framework/src/Concerns/RoutesRequests.php(429): Laravel\\Lumen\\Application->Laravel\\Lumen\\Concerns\\{closure}()
#19 /var/www/html/QM/blog/vendor/laravel/lumen-framework/src/Concerns/RoutesRequests.php(175): Laravel\\Lumen\\Application->sendThroughPipeline()
#20 /var/www/html/QM/blog/vendor/laravel/lumen-framework/src/Concerns/RoutesRequests.php(112): Laravel\\Lumen\\Application->dispatch()
#21 /var/www/html/QM/blog/public/index.php(28): Laravel\\Lumen\\Application->run()
#22 {main}
"} 
[2022-10-17 14:00:44] local.ERROR: Auth driver [api] for guard [api] is not defined. {"exception":"[object] (InvalidArgumentException(code: 0): Auth driver [api] for guard [api] is not defined. at /var/www/html/QM/blog/vendor/illuminate/auth/AuthManager.php:95)
[stacktrace]
#0 /var/www/html/QM/blog/vendor/illuminate/auth/AuthManager.php(66): Illuminate\\Auth\\AuthManager->resolve()
#1 /var/www/html/QM/blog/vendor/illuminate/auth/AuthManager.php(336): Illuminate\\Auth\\AuthManager->guard()
#2 /var/www/html/QM/blog/app/Http/Controllers/AuthController.php(23): Illuminate\\Auth\\AuthManager->__call()
#3 /var/www/html/QM/blog/vendor/illuminate/container/BoundMethod.php(36): App\\Http\\Controllers\\AuthController->login()
#4 /var/www/html/QM/blog/vendor/illuminate/container/Util.php(41): Illuminate\\Container\\BoundMethod::Illuminate\\Container\\{closure}()
#5 /var/www/html/QM/blog/vendor/illuminate/container/BoundMethod.php(93): Illuminate\\Container\\Util::unwrapIfClosure()
#6 /var/www/html/QM/blog/vendor/illuminate/container/BoundMethod.php(37): Illuminate\\Container\\BoundMethod::callBoundMethod()
#7 /var/www/html/QM/blog/vendor/illuminate/container/Container.php(651): Illuminate\\Container\\BoundMethod::call()
#8 /var/www/html/QM/blog/vendor/laravel/lumen-framework/src/Concerns/RoutesRequests.php(389): Illuminate\\Container\\Container->call()
#9 /var/www/html/QM/blog/vendor/laravel/lumen-framework/src/Concerns/RoutesRequests.php(355): Laravel\\Lumen\\Application->callControllerCallable()
#10 /var/www/html/QM/blog/vendor/laravel/lumen-framework/src/Concerns/RoutesRequests.php(329): Laravel\\Lumen\\Application->callLumenController()
#11 /var/www/html/QM/blog/vendor/laravel/lumen-framework/src/Concerns/RoutesRequests.php(282): Laravel\\Lumen\\Application->callControllerAction()
#12 /var/www/html/QM/blog/vendor/laravel/lumen-framework/src/Concerns/RoutesRequests.php(267): Laravel\\Lumen\\Application->callActionOnArrayBasedRoute()
#13 /var/www/html/QM/blog/vendor/laravel/lumen-framework/src/Concerns/RoutesRequests.php(169): Laravel\\Lumen\\Application->handleFoundRoute()
#14 /var/www/html/QM/blog/vendor/laravel/lumen-framework/src/Concerns/RoutesRequests.php(429): Laravel\\Lumen\\Application->Laravel\\Lumen\\Concerns\\{closure}()
#15 /var/www/html/QM/blog/vendor/laravel/lumen-framework/src/Concerns/RoutesRequests.php(175): Laravel\\Lumen\\Application->sendThroughPipeline()
#16 /var/www/html/QM/blog/vendor/laravel/lumen-framework/src/Concerns/RoutesRequests.php(112): Laravel\\Lumen\\Application->dispatch()
#17 /var/www/html/QM/blog/public/index.php(28): Laravel\\Lumen\\Application->run()
#18 {main}
"} 
[2022-10-17 14:03:30] local.ERROR: Auth driver [api] for guard [api] is not defined. {"exception":"[object] (InvalidArgumentException(code: 0): Auth driver [api] for guard [api] is not defined. at /var/www/html/QM/blog/vendor/illuminate/auth/AuthManager.php:95)
[stacktrace]
#0 /var/www/html/QM/blog/vendor/illuminate/auth/AuthManager.php(66): Illuminate\\Auth\\AuthManager->resolve()
#1 /var/www/html/QM/blog/vendor/illuminate/auth/AuthManager.php(336): Illuminate\\Auth\\AuthManager->guard()
#2 /var/www/html/QM/blog/app/Http/Controllers/AuthController.php(23): Illuminate\\Auth\\AuthManager->__call()
#3 /var/www/html/QM/blog/vendor/illuminate/container/BoundMethod.php(36): App\\Http\\Controllers\\AuthController->login()
#4 /var/www/html/QM/blog/vendor/illuminate/container/Util.php(41): Illuminate\\Container\\BoundMethod::Illuminate\\Container\\{closure}()
#5 /var/www/html/QM/blog/vendor/illuminate/container/BoundMethod.php(93): Illuminate\\Container\\Util::unwrapIfClosure()
#6 /var/www/html/QM/blog/vendor/illuminate/container/BoundMethod.php(37): Illuminate\\Container\\BoundMethod::callBoundMethod()
#7 /var/www/html/QM/blog/vendor/illuminate/container/Container.php(651): Illuminate\\Container\\BoundMethod::call()
#8 /var/www/html/QM/blog/vendor/laravel/lumen-framework/src/Concerns/RoutesRequests.php(389): Illuminate\\Container\\Container->call()
#9 /var/www/html/QM/blog/vendor/laravel/lumen-framework/src/Concerns/RoutesRequests.php(355): Laravel\\Lumen\\Application->callControllerCallable()
#10 /var/www/html/QM/blog/vendor/laravel/lumen-framework/src/Concerns/RoutesRequests.php(329): Laravel\\Lumen\\Application->callLumenController()
#11 /var/www/html/QM/blog/vendor/laravel/lumen-framework/src/Concerns/RoutesRequests.php(282): Laravel\\Lumen\\Application->callControllerAction()
#12 /var/www/html/QM/blog/vendor/laravel/lumen-framework/src/Concerns/RoutesRequests.php(267): Laravel\\Lumen\\Application->callActionOnArrayBasedRoute()
#13 /var/www/html/QM/blog/vendor/laravel/lumen-framework/src/Concerns/RoutesRequests.php(169): Laravel\\Lumen\\Application->handleFoundRoute()
#14 /var/www/html/QM/blog/vendor/laravel/lumen-framework/src/Concerns/RoutesRequests.php(429): Laravel\\Lumen\\Application->Laravel\\Lumen\\Concerns\\{closure}()
#15 /var/www/html/QM/blog/vendor/laravel/lumen-framework/src/Concerns/RoutesRequests.php(175): Laravel\\Lumen\\Application->sendThroughPipeline()
#16 /var/www/html/QM/blog/vendor/laravel/lumen-framework/src/Concerns/RoutesRequests.php(112): Laravel\\Lumen\\Application->dispatch()
#17 /var/www/html/QM/blog/public/index.php(28): Laravel\\Lumen\\Application->run()
#18 {main}
"} 
[2022-10-17 14:03:31] local.ERROR: Auth driver [api] for guard [api] is not defined. {"exception":"[object] (InvalidArgumentException(code: 0): Auth driver [api] for guard [api] is not defined. at /var/www/html/QM/blog/vendor/illuminate/auth/AuthManager.php:95)
[stacktrace]
#0 /var/www/html/QM/blog/vendor/illuminate/auth/AuthManager.php(66): Illuminate\\Auth\\AuthManager->resolve()
#1 /var/www/html/QM/blog/vendor/illuminate/auth/AuthManager.php(336): Illuminate\\Auth\\AuthManager->guard()
#2 /var/www/html/QM/blog/app/Http/Controllers/AuthController.php(23): Illuminate\\Auth\\AuthManager->__call()
#3 /var/www/html/QM/blog/vendor/illuminate/container/BoundMethod.php(36): App\\Http\\Controllers\\AuthController->login()
#4 /var/www/html/QM/blog/vendor/illuminate/container/Util.php(41): Illuminate\\Container\\BoundMethod::Illuminate\\Container\\{closure}()
#5 /var/www/html/QM/blog/vendor/illuminate/container/BoundMethod.php(93): Illuminate\\Container\\Util::unwrapIfClosure()
#6 /var/www/html/QM/blog/vendor/illuminate/container/BoundMethod.php(37): Illuminate\\Container\\BoundMethod::callBoundMethod()
#7 /var/www/html/QM/blog/vendor/illuminate/container/Container.php(651): Illuminate\\Container\\BoundMethod::call()
#8 /var/www/html/QM/blog/vendor/laravel/lumen-framework/src/Concerns/RoutesRequests.php(389): Illuminate\\Container\\Container->call()
#9 /var/www/html/QM/blog/vendor/laravel/lumen-framework/src/Concerns/RoutesRequests.php(355): Laravel\\Lumen\\Application->callControllerCallable()
#10 /var/www/html/QM/blog/vendor/laravel/lumen-framework/src/Concerns/RoutesRequests.php(329): Laravel\\Lumen\\Application->callLumenController()
#11 /var/www/html/QM/blog/vendor/laravel/lumen-framework/src/Concerns/RoutesRequests.php(282): Laravel\\Lumen\\Application->callControllerAction()
#12 /var/www/html/QM/blog/vendor/laravel/lumen-framework/src/Concerns/RoutesRequests.php(267): Laravel\\Lumen\\Application->callActionOnArrayBasedRoute()
#13 /var/www/html/QM/blog/vendor/laravel/lumen-framework/src/Concerns/RoutesRequests.php(169): Laravel\\Lumen\\Application->handleFoundRoute()
#14 /var/www/html/QM/blog/vendor/laravel/lumen-framework/src/Concerns/RoutesRequests.php(429): Laravel\\Lumen\\Application->Laravel\\Lumen\\Concerns\\{closure}()
#15 /var/www/html/QM/blog/vendor/laravel/lumen-framework/src/Concerns/RoutesRequests.php(175): Laravel\\Lumen\\Application->sendThroughPipeline()
#16 /var/www/html/QM/blog/vendor/laravel/lumen-framework/src/Concerns/RoutesRequests.php(112): Laravel\\Lumen\\Application->dispatch()
#17 /var/www/html/QM/blog/public/index.php(28): Laravel\\Lumen\\Application->run()
#18 {main}
"} 
[2022-10-17 14:14:55] local.ERROR: Method Illuminate\Auth\RequestGuard::attempt does not exist. {"exception":"[object] (BadMethodCallException(code: 0): Method Illuminate\\Auth\\RequestGuard::attempt does not exist. at /var/www/html/QM/blog/vendor/illuminate/macroable/Traits/Macroable.php:113)
[stacktrace]
#0 /var/www/html/QM/blog/vendor/illuminate/auth/AuthManager.php(336): Illuminate\\Auth\\RequestGuard->__call()
#1 /var/www/html/QM/blog/app/Http/Controllers/AuthController.php(23): Illuminate\\Auth\\AuthManager->__call()
#2 /var/www/html/QM/blog/vendor/illuminate/container/BoundMethod.php(36): App\\Http\\Controllers\\AuthController->login()
#3 /var/www/html/QM/blog/vendor/illuminate/container/Util.php(41): Illuminate\\Container\\BoundMethod::Illuminate\\Container\\{closure}()
#4 /var/www/html/QM/blog/vendor/illuminate/container/BoundMethod.php(93): Illuminate\\Container\\Util::unwrapIfClosure()
#5 /var/www/html/QM/blog/vendor/illuminate/container/BoundMethod.php(37): Illuminate\\Container\\BoundMethod::callBoundMethod()
#6 /var/www/html/QM/blog/vendor/illuminate/container/Container.php(651): Illuminate\\Container\\BoundMethod::call()
#7 /var/www/html/QM/blog/vendor/laravel/lumen-framework/src/Concerns/RoutesRequests.php(389): Illuminate\\Container\\Container->call()
#8 /var/www/html/QM/blog/vendor/laravel/lumen-framework/src/Concerns/RoutesRequests.php(355): Laravel\\Lumen\\Application->callControllerCallable()
#9 /var/www/html/QM/blog/vendor/laravel/lumen-framework/src/Concerns/RoutesRequests.php(329): Laravel\\Lumen\\Application->callLumenController()
#10 /var/www/html/QM/blog/vendor/laravel/lumen-framework/src/Concerns/RoutesRequests.php(282): Laravel\\Lumen\\Application->callControllerAction()
#11 /var/www/html/QM/blog/vendor/laravel/lumen-framework/src/Concerns/RoutesRequests.php(267): Laravel\\Lumen\\Application->callActionOnArrayBasedRoute()
#12 /var/www/html/QM/blog/vendor/laravel/lumen-framework/src/Concerns/RoutesRequests.php(169): Laravel\\Lumen\\Application->handleFoundRoute()
#13 /var/www/html/QM/blog/vendor/laravel/lumen-framework/src/Concerns/RoutesRequests.php(429): Laravel\\Lumen\\Application->Laravel\\Lumen\\Concerns\\{closure}()
#14 /var/www/html/QM/blog/vendor/laravel/lumen-framework/src/Concerns/RoutesRequests.php(175): Laravel\\Lumen\\Application->sendThroughPipeline()
#15 /var/www/html/QM/blog/vendor/laravel/lumen-framework/src/Concerns/RoutesRequests.php(112): Laravel\\Lumen\\Application->dispatch()
#16 /var/www/html/QM/blog/public/index.php(28): Laravel\\Lumen\\Application->run()
#17 {main}
"} 
[2022-10-17 14:19:28] local.ERROR: Method Illuminate\Auth\RequestGuard::attempt does not exist. {"exception":"[object] (BadMethodCallException(code: 0): Method Illuminate\\Auth\\RequestGuard::attempt does not exist. at /var/www/html/QM/blog/vendor/illuminate/macroable/Traits/Macroable.php:113)
[stacktrace]
#0 /var/www/html/QM/blog/vendor/illuminate/auth/AuthManager.php(336): Illuminate\\Auth\\RequestGuard->__call()
#1 /var/www/html/QM/blog/app/Http/Controllers/AuthController.php(23): Illuminate\\Auth\\AuthManager->__call()
#2 /var/www/html/QM/blog/vendor/illuminate/container/BoundMethod.php(36): App\\Http\\Controllers\\AuthController->login()
#3 /var/www/html/QM/blog/vendor/illuminate/container/Util.php(41): Illuminate\\Container\\BoundMethod::Illuminate\\Container\\{closure}()
#4 /var/www/html/QM/blog/vendor/illuminate/container/BoundMethod.php(93): Illuminate\\Container\\Util::unwrapIfClosure()
#5 /var/www/html/QM/blog/vendor/illuminate/container/BoundMethod.php(37): Illuminate\\Container\\BoundMethod::callBoundMethod()
#6 /var/www/html/QM/blog/vendor/illuminate/container/Container.php(651): Illuminate\\Container\\BoundMethod::call()
#7 /var/www/html/QM/blog/vendor/laravel/lumen-framework/src/Concerns/RoutesRequests.php(389): Illuminate\\Container\\Container->call()
#8 /var/www/html/QM/blog/vendor/laravel/lumen-framework/src/Concerns/RoutesRequests.php(355): Laravel\\Lumen\\Application->callControllerCallable()
#9 /var/www/html/QM/blog/vendor/laravel/lumen-framework/src/Concerns/RoutesRequests.php(329): Laravel\\Lumen\\Application->callLumenController()
#10 /var/www/html/QM/blog/vendor/laravel/lumen-framework/src/Concerns/RoutesRequests.php(282): Laravel\\Lumen\\Application->callControllerAction()
#11 /var/www/html/QM/blog/vendor/laravel/lumen-framework/src/Concerns/RoutesRequests.php(267): Laravel\\Lumen\\Application->callActionOnArrayBasedRoute()
#12 /var/www/html/QM/blog/vendor/laravel/lumen-framework/src/Concerns/RoutesRequests.php(169): Laravel\\Lumen\\Application->handleFoundRoute()
#13 /var/www/html/QM/blog/vendor/laravel/lumen-framework/src/Concerns/RoutesRequests.php(429): Laravel\\Lumen\\Application->Laravel\\Lumen\\Concerns\\{closure}()
#14 /var/www/html/QM/blog/vendor/laravel/lumen-framework/src/Concerns/RoutesRequests.php(175): Laravel\\Lumen\\Application->sendThroughPipeline()
#15 /var/www/html/QM/blog/vendor/laravel/lumen-framework/src/Concerns/RoutesRequests.php(112): Laravel\\Lumen\\Application->dispatch()
#16 /var/www/html/QM/blog/public/index.php(28): Laravel\\Lumen\\Application->run()
#17 {main}
"} 
[2022-10-17 14:24:34] local.ERROR: Auth driver [jwt] for guard [api] is not defined. {"exception":"[object] (InvalidArgumentException(code: 0): Auth driver [jwt] for guard [api] is not defined. at /var/www/html/QM/blog/vendor/illuminate/auth/AuthManager.php:95)
[stacktrace]
#0 /var/www/html/QM/blog/vendor/illuminate/auth/AuthManager.php(66): Illuminate\\Auth\\AuthManager->resolve()
#1 /var/www/html/QM/blog/vendor/illuminate/auth/AuthManager.php(336): Illuminate\\Auth\\AuthManager->guard()
#2 /var/www/html/QM/blog/app/Http/Controllers/AuthController.php(23): Illuminate\\Auth\\AuthManager->__call()
#3 /var/www/html/QM/blog/vendor/illuminate/container/BoundMethod.php(36): App\\Http\\Controllers\\AuthController->login()
#4 /var/www/html/QM/blog/vendor/illuminate/container/Util.php(41): Illuminate\\Container\\BoundMethod::Illuminate\\Container\\{closure}()
#5 /var/www/html/QM/blog/vendor/illuminate/container/BoundMethod.php(93): Illuminate\\Container\\Util::unwrapIfClosure()
#6 /var/www/html/QM/blog/vendor/illuminate/container/BoundMethod.php(37): Illuminate\\Container\\BoundMethod::callBoundMethod()
#7 /var/www/html/QM/blog/vendor/illuminate/container/Container.php(651): Illuminate\\Container\\BoundMethod::call()
#8 /var/www/html/QM/blog/vendor/laravel/lumen-framework/src/Concerns/RoutesRequests.php(389): Illuminate\\Container\\Container->call()
#9 /var/www/html/QM/blog/vendor/laravel/lumen-framework/src/Concerns/RoutesRequests.php(355): Laravel\\Lumen\\Application->callControllerCallable()
#10 /var/www/html/QM/blog/vendor/laravel/lumen-framework/src/Concerns/RoutesRequests.php(329): Laravel\\Lumen\\Application->callLumenController()
#11 /var/www/html/QM/blog/vendor/laravel/lumen-framework/src/Concerns/RoutesRequests.php(282): Laravel\\Lumen\\Application->callControllerAction()
#12 /var/www/html/QM/blog/vendor/laravel/lumen-framework/src/Concerns/RoutesRequests.php(267): Laravel\\Lumen\\Application->callActionOnArrayBasedRoute()
#13 /var/www/html/QM/blog/vendor/laravel/lumen-framework/src/Concerns/RoutesRequests.php(169): Laravel\\Lumen\\Application->handleFoundRoute()
#14 /var/www/html/QM/blog/vendor/laravel/lumen-framework/src/Concerns/RoutesRequests.php(429): Laravel\\Lumen\\Application->Laravel\\Lumen\\Concerns\\{closure}()
#15 /var/www/html/QM/blog/vendor/laravel/lumen-framework/src/Concerns/RoutesRequests.php(175): Laravel\\Lumen\\Application->sendThroughPipeline()
#16 /var/www/html/QM/blog/vendor/laravel/lumen-framework/src/Concerns/RoutesRequests.php(112): Laravel\\Lumen\\Application->dispatch()
#17 /var/www/html/QM/blog/public/index.php(28): Laravel\\Lumen\\Application->run()
#18 {main}
"} 
[2022-10-17 14:35:44] local.ERROR: Class "Tymon\JWTAuth\Providers\JWTAuthServiceProvider" not found {"exception":"[object] (Error(code: 0): Class \"Tymon\\JWTAuth\\Providers\\JWTAuthServiceProvider\" not found at /var/www/html/QM/blog/vendor/laravel/lumen-framework/src/Application.php:223)
[stacktrace]
#0 /var/www/html/QM/blog/bootstrap/app.php(97): Laravel\\Lumen\\Application->register()
#1 /var/www/html/QM/blog/artisan(18): require('...')
#2 {main}
"} 
[2022-10-17 14:37:25] local.ERROR: There are no commands defined in the "vendor" namespace. {"exception":"[object] (Symfony\\Component\\Console\\Exception\\NamespaceNotFoundException(code: 0): There are no commands defined in the \"vendor\" namespace. at /var/www/html/QM/blog/vendor/symfony/console/Application.php:622)
[stacktrace]
#0 /var/www/html/QM/blog/vendor/symfony/console/Application.php(673): Symfony\\Component\\Console\\Application->findNamespace()
#1 /var/www/html/QM/blog/vendor/symfony/console/Application.php(259): Symfony\\Component\\Console\\Application->find()
#2 /var/www/html/QM/blog/vendor/symfony/console/Application.php(171): Symfony\\Component\\Console\\Application->doRun()
#3 /var/www/html/QM/blog/vendor/illuminate/console/Application.php(102): Symfony\\Component\\Console\\Application->run()
#4 /var/www/html/QM/blog/vendor/laravel/lumen-framework/src/Console/Kernel.php(116): Illuminate\\Console\\Application->run()
#5 /var/www/html/QM/blog/artisan(35): Laravel\\Lumen\\Console\\Kernel->handle()
#6 {main}
"} 
[2022-10-17 14:38:17] local.ERROR: Secret is not set. {"exception":"[object] (Tymon\\JWTAuth\\Exceptions\\JWTException(code: 0): Secret is not set. at /var/www/html/QM/blog/vendor/tymon/jwt-auth/src/Providers/JWT/Lcobucci.php:244)
[stacktrace]
#0 /var/www/html/QM/blog/vendor/tymon/jwt-auth/src/Providers/JWT/Lcobucci.php(186): Tymon\\JWTAuth\\Providers\\JWT\\Lcobucci->getSigningKey()
#1 /var/www/html/QM/blog/vendor/tymon/jwt-auth/src/Providers/JWT/Lcobucci.php(57): Tymon\\JWTAuth\\Providers\\JWT\\Lcobucci->buildConfig()
#2 /var/www/html/QM/blog/vendor/tymon/jwt-auth/src/Providers/AbstractServiceProvider.php(170): Tymon\\JWTAuth\\Providers\\JWT\\Lcobucci->__construct()
#3 /var/www/html/QM/blog/vendor/illuminate/container/Container.php(871): Tymon\\JWTAuth\\Providers\\AbstractServiceProvider->Tymon\\JWTAuth\\Providers\\{closure}()
#4 /var/www/html/QM/blog/vendor/illuminate/container/Container.php(756): Illuminate\\Container\\Container->build()
#5 /var/www/html/QM/blog/vendor/illuminate/container/Container.php(692): Illuminate\\Container\\Container->resolve()
#6 /var/www/html/QM/blog/vendor/laravel/lumen-framework/src/Application.php(300): Illuminate\\Container\\Container->make()
#7 /var/www/html/QM/blog/vendor/tymon/jwt-auth/src/Providers/AbstractServiceProvider.php(367): Laravel\\Lumen\\Application->make()
#8 /var/www/html/QM/blog/vendor/tymon/jwt-auth/src/Providers/AbstractServiceProvider.php(138): Tymon\\JWTAuth\\Providers\\AbstractServiceProvider->getConfigInstance()
#9 /var/www/html/QM/blog/vendor/illuminate/container/Container.php(871): Tymon\\JWTAuth\\Providers\\AbstractServiceProvider->Tymon\\JWTAuth\\Providers\\{closure}()
#10 /var/www/html/QM/blog/vendor/illuminate/container/Container.php(756): Illuminate\\Container\\Container->build()
#11 /var/www/html/QM/blog/vendor/illuminate/container/Container.php(692): Illuminate\\Container\\Container->resolve()
#12 /var/www/html/QM/blog/vendor/laravel/lumen-framework/src/Application.php(300): Illuminate\\Container\\Container->make()
#13 /var/www/html/QM/blog/vendor/illuminate/container/Container.php(1419): Laravel\\Lumen\\Application->make()
#14 /var/www/html/QM/blog/vendor/tymon/jwt-auth/src/Providers/AbstractServiceProvider.php(208): Illuminate\\Container\\Container->offsetGet()
#15 /var/www/html/QM/blog/vendor/illuminate/container/Container.php(871): Tymon\\JWTAuth\\Providers\\AbstractServiceProvider->Tymon\\JWTAuth\\Providers\\{closure}()
#16 /var/www/html/QM/blog/vendor/illuminate/container/Container.php(756): Illuminate\\Container\\Container->build()
#17 /var/www/html/QM/blog/vendor/illuminate/container/Container.php(692): Illuminate\\Container\\Container->resolve()
#18 /var/www/html/QM/blog/vendor/laravel/lumen-framework/src/Application.php(300): Illuminate\\Container\\Container->make()
#19 /var/www/html/QM/blog/vendor/illuminate/container/Container.php(1419): Laravel\\Lumen\\Application->make()
#20 /var/www/html/QM/blog/vendor/tymon/jwt-auth/src/Providers/AbstractServiceProvider.php(250): Illuminate\\Container\\Container->offsetGet()
#21 /var/www/html/QM/blog/vendor/illuminate/container/Container.php(871): Tymon\\JWTAuth\\Providers\\AbstractServiceProvider->Tymon\\JWTAuth\\Providers\\{closure}()
#22 /var/www/html/QM/blog/vendor/illuminate/container/Container.php(756): Illuminate\\Container\\Container->build()
#23 /var/www/html/QM/blog/vendor/illuminate/container/Container.php(692): Illuminate\\Container\\Container->resolve()
#24 /var/www/html/QM/blog/vendor/laravel/lumen-framework/src/Application.php(300): Illuminate\\Container\\Container->make()
#25 /var/www/html/QM/blog/vendor/illuminate/container/Container.php(1419): Laravel\\Lumen\\Application->make()
#26 /var/www/html/QM/blog/vendor/tymon/jwt-auth/src/Providers/AbstractServiceProvider.php(96): Illuminate\\Container\\Container->offsetGet()
#27 /var/www/html/QM/blog/vendor/illuminate/auth/AuthManager.php(109): Tymon\\JWTAuth\\Providers\\AbstractServiceProvider->Tymon\\JWTAuth\\Providers\\{closure}()
#28 /var/www/html/QM/blog/vendor/illuminate/auth/AuthManager.php(86): Illuminate\\Auth\\AuthManager->callCustomCreator()
#29 /var/www/html/QM/blog/vendor/illuminate/auth/AuthManager.php(66): Illuminate\\Auth\\AuthManager->resolve()
#30 /var/www/html/QM/blog/vendor/illuminate/auth/AuthManager.php(336): Illuminate\\Auth\\AuthManager->guard()
#31 /var/www/html/QM/blog/app/Http/Controllers/AuthController.php(23): Illuminate\\Auth\\AuthManager->__call()
#32 /var/www/html/QM/blog/vendor/illuminate/container/BoundMethod.php(36): App\\Http\\Controllers\\AuthController->login()
#33 /var/www/html/QM/blog/vendor/illuminate/container/Util.php(41): Illuminate\\Container\\BoundMethod::Illuminate\\Container\\{closure}()
#34 /var/www/html/QM/blog/vendor/illuminate/container/BoundMethod.php(93): Illuminate\\Container\\Util::unwrapIfClosure()
#35 /var/www/html/QM/blog/vendor/illuminate/container/BoundMethod.php(37): Illuminate\\Container\\BoundMethod::callBoundMethod()
#36 /var/www/html/QM/blog/vendor/illuminate/container/Container.php(651): Illuminate\\Container\\BoundMethod::call()
#37 /var/www/html/QM/blog/vendor/laravel/lumen-framework/src/Concerns/RoutesRequests.php(389): Illuminate\\Container\\Container->call()
#38 /var/www/html/QM/blog/vendor/laravel/lumen-framework/src/Concerns/RoutesRequests.php(355): Laravel\\Lumen\\Application->callControllerCallable()
#39 /var/www/html/QM/blog/vendor/laravel/lumen-framework/src/Concerns/RoutesRequests.php(329): Laravel\\Lumen\\Application->callLumenController()
#40 /var/www/html/QM/blog/vendor/laravel/lumen-framework/src/Concerns/RoutesRequests.php(282): Laravel\\Lumen\\Application->callControllerAction()
#41 /var/www/html/QM/blog/vendor/laravel/lumen-framework/src/Concerns/RoutesRequests.php(267): Laravel\\Lumen\\Application->callActionOnArrayBasedRoute()
#42 /var/www/html/QM/blog/vendor/laravel/lumen-framework/src/Concerns/RoutesRequests.php(169): Laravel\\Lumen\\Application->handleFoundRoute()
#43 /var/www/html/QM/blog/vendor/laravel/lumen-framework/src/Concerns/RoutesRequests.php(429): Laravel\\Lumen\\Application->Laravel\\Lumen\\Concerns\\{closure}()
#44 /var/www/html/QM/blog/vendor/laravel/lumen-framework/src/Concerns/RoutesRequests.php(175): Laravel\\Lumen\\Application->sendThroughPipeline()
#45 /var/www/html/QM/blog/vendor/laravel/lumen-framework/src/Concerns/RoutesRequests.php(112): Laravel\\Lumen\\Application->dispatch()
#46 /var/www/html/QM/blog/public/index.php(28): Laravel\\Lumen\\Application->run()
#47 {main}
"} 
[2022-10-17 15:24:19] local.ERROR: Attempt to assign property "company_name" on null {"exception":"[object] (Error(code: 0): Attempt to assign property \"company_name\" on null at /var/www/html/QM/blog/app/Http/Controllers/CompanyController.php:63)
[stacktrace]
#0 /var/www/html/QM/blog/vendor/illuminate/container/BoundMethod.php(36): App\\Http\\Controllers\\CompanyController->update()
#1 /var/www/html/QM/blog/vendor/illuminate/container/Util.php(41): Illuminate\\Container\\BoundMethod::Illuminate\\Container\\{closure}()
#2 /var/www/html/QM/blog/vendor/illuminate/container/BoundMethod.php(93): Illuminate\\Container\\Util::unwrapIfClosure()
#3 /var/www/html/QM/blog/vendor/illuminate/container/BoundMethod.php(37): Illuminate\\Container\\BoundMethod::callBoundMethod()
#4 /var/www/html/QM/blog/vendor/illuminate/container/Container.php(651): Illuminate\\Container\\BoundMethod::call()
#5 /var/www/html/QM/blog/vendor/laravel/lumen-framework/src/Concerns/RoutesRequests.php(389): Illuminate\\Container\\Container->call()
#6 /var/www/html/QM/blog/vendor/laravel/lumen-framework/src/Concerns/RoutesRequests.php(355): Laravel\\Lumen\\Application->callControllerCallable()
#7 /var/www/html/QM/blog/vendor/laravel/lumen-framework/src/Concerns/RoutesRequests.php(329): Laravel\\Lumen\\Application->callLumenController()
#8 /var/www/html/QM/blog/vendor/laravel/lumen-framework/src/Concerns/RoutesRequests.php(282): Laravel\\Lumen\\Application->callControllerAction()
#9 /var/www/html/QM/blog/vendor/laravel/lumen-framework/src/Concerns/RoutesRequests.php(267): Laravel\\Lumen\\Application->callActionOnArrayBasedRoute()
#10 /var/www/html/QM/blog/vendor/laravel/lumen-framework/src/Concerns/RoutesRequests.php(169): Laravel\\Lumen\\Application->handleFoundRoute()
#11 /var/www/html/QM/blog/vendor/laravel/lumen-framework/src/Concerns/RoutesRequests.php(429): Laravel\\Lumen\\Application->Laravel\\Lumen\\Concerns\\{closure}()
#12 /var/www/html/QM/blog/vendor/laravel/lumen-framework/src/Concerns/RoutesRequests.php(175): Laravel\\Lumen\\Application->sendThroughPipeline()
#13 /var/www/html/QM/blog/vendor/laravel/lumen-framework/src/Concerns/RoutesRequests.php(112): Laravel\\Lumen\\Application->dispatch()
#14 /var/www/html/QM/blog/public/index.php(28): Laravel\\Lumen\\Application->run()
#15 {main}
"} 
[2022-10-17 15:25:43] local.ERROR: Attempt to assign property "company_name" on null {"exception":"[object] (Error(code: 0): Attempt to assign property \"company_name\" on null at /var/www/html/QM/blog/app/Http/Controllers/CompanyController.php:63)
[stacktrace]
#0 /var/www/html/QM/blog/vendor/illuminate/container/BoundMethod.php(36): App\\Http\\Controllers\\CompanyController->update()
#1 /var/www/html/QM/blog/vendor/illuminate/container/Util.php(41): Illuminate\\Container\\BoundMethod::Illuminate\\Container\\{closure}()
#2 /var/www/html/QM/blog/vendor/illuminate/container/BoundMethod.php(93): Illuminate\\Container\\Util::unwrapIfClosure()
#3 /var/www/html/QM/blog/vendor/illuminate/container/BoundMethod.php(37): Illuminate\\Container\\BoundMethod::callBoundMethod()
#4 /var/www/html/QM/blog/vendor/illuminate/container/Container.php(651): Illuminate\\Container\\BoundMethod::call()
#5 /var/www/html/QM/blog/vendor/laravel/lumen-framework/src/Concerns/RoutesRequests.php(389): Illuminate\\Container\\Container->call()
#6 /var/www/html/QM/blog/vendor/laravel/lumen-framework/src/Concerns/RoutesRequests.php(355): Laravel\\Lumen\\Application->callControllerCallable()
#7 /var/www/html/QM/blog/vendor/laravel/lumen-framework/src/Concerns/RoutesRequests.php(329): Laravel\\Lumen\\Application->callLumenController()
#8 /var/www/html/QM/blog/vendor/laravel/lumen-framework/src/Concerns/RoutesRequests.php(282): Laravel\\Lumen\\Application->callControllerAction()
#9 /var/www/html/QM/blog/vendor/laravel/lumen-framework/src/Concerns/RoutesRequests.php(267): Laravel\\Lumen\\Application->callActionOnArrayBasedRoute()
#10 /var/www/html/QM/blog/vendor/laravel/lumen-framework/src/Concerns/RoutesRequests.php(169): Laravel\\Lumen\\Application->handleFoundRoute()
#11 /var/www/html/QM/blog/vendor/laravel/lumen-framework/src/Concerns/RoutesRequests.php(429): Laravel\\Lumen\\Application->Laravel\\Lumen\\Concerns\\{closure}()
#12 /var/www/html/QM/blog/vendor/laravel/lumen-framework/src/Concerns/RoutesRequests.php(175): Laravel\\Lumen\\Application->sendThroughPipeline()
#13 /var/www/html/QM/blog/vendor/laravel/lumen-framework/src/Concerns/RoutesRequests.php(112): Laravel\\Lumen\\Application->dispatch()
#14 /var/www/html/QM/blog/public/index.php(28): Laravel\\Lumen\\Application->run()
#15 {main}
"} 
[2022-10-17 15:27:27] local.ERROR: Attempt to assign property "company_name" on null {"exception":"[object] (Error(code: 0): Attempt to assign property \"company_name\" on null at /var/www/html/QM/blog/app/Http/Controllers/CompanyController.php:63)
[stacktrace]
#0 /var/www/html/QM/blog/vendor/illuminate/container/BoundMethod.php(36): App\\Http\\Controllers\\CompanyController->update()
#1 /var/www/html/QM/blog/vendor/illuminate/container/Util.php(41): Illuminate\\Container\\BoundMethod::Illuminate\\Container\\{closure}()
#2 /var/www/html/QM/blog/vendor/illuminate/container/BoundMethod.php(93): Illuminate\\Container\\Util::unwrapIfClosure()
#3 /var/www/html/QM/blog/vendor/illuminate/container/BoundMethod.php(37): Illuminate\\Container\\BoundMethod::callBoundMethod()
#4 /var/www/html/QM/blog/vendor/illuminate/container/Container.php(651): Illuminate\\Container\\BoundMethod::call()
#5 /var/www/html/QM/blog/vendor/laravel/lumen-framework/src/Concerns/RoutesRequests.php(389): Illuminate\\Container\\Container->call()
#6 /var/www/html/QM/blog/vendor/laravel/lumen-framework/src/Concerns/RoutesRequests.php(355): Laravel\\Lumen\\Application->callControllerCallable()
#7 /var/www/html/QM/blog/vendor/laravel/lumen-framework/src/Concerns/RoutesRequests.php(329): Laravel\\Lumen\\Application->callLumenController()
#8 /var/www/html/QM/blog/vendor/laravel/lumen-framework/src/Concerns/RoutesRequests.php(282): Laravel\\Lumen\\Application->callControllerAction()
#9 /var/www/html/QM/blog/vendor/laravel/lumen-framework/src/Concerns/RoutesRequests.php(267): Laravel\\Lumen\\Application->callActionOnArrayBasedRoute()
#10 /var/www/html/QM/blog/vendor/laravel/lumen-framework/src/Concerns/RoutesRequests.php(169): Laravel\\Lumen\\Application->handleFoundRoute()
#11 /var/www/html/QM/blog/vendor/laravel/lumen-framework/src/Concerns/RoutesRequests.php(429): Laravel\\Lumen\\Application->Laravel\\Lumen\\Concerns\\{closure}()
#12 /var/www/html/QM/blog/vendor/laravel/lumen-framework/src/Concerns/RoutesRequests.php(175): Laravel\\Lumen\\Application->sendThroughPipeline()
#13 /var/www/html/QM/blog/vendor/laravel/lumen-framework/src/Concerns/RoutesRequests.php(112): Laravel\\Lumen\\Application->dispatch()
#14 /var/www/html/QM/blog/public/index.php(28): Laravel\\Lumen\\Application->run()
#15 {main}
"} 
[2022-10-17 15:37:48] local.ERROR: Unable to resolve dependency [Parameter #0 [ <required> $id ]] in class App\Http\Controllers\CompanyController {"exception":"[object] (Illuminate\\Contracts\\Container\\BindingResolutionException(code: 0): Unable to resolve dependency [Parameter #0 [ <required> $id ]] in class App\\Http\\Controllers\\CompanyController at /var/www/html/QM/blog/vendor/illuminate/container/BoundMethod.php:188)
[stacktrace]
#0 /var/www/html/QM/blog/vendor/illuminate/container/BoundMethod.php(124): Illuminate\\Container\\BoundMethod::addDependencyForCallParameter()
#1 /var/www/html/QM/blog/vendor/illuminate/container/BoundMethod.php(36): Illuminate\\Container\\BoundMethod::getMethodDependencies()
#2 /var/www/html/QM/blog/vendor/illuminate/container/Util.php(41): Illuminate\\Container\\BoundMethod::Illuminate\\Container\\{closure}()
#3 /var/www/html/QM/blog/vendor/illuminate/container/BoundMethod.php(93): Illuminate\\Container\\Util::unwrapIfClosure()
#4 /var/www/html/QM/blog/vendor/illuminate/container/BoundMethod.php(37): Illuminate\\Container\\BoundMethod::callBoundMethod()
#5 /var/www/html/QM/blog/vendor/illuminate/container/Container.php(651): Illuminate\\Container\\BoundMethod::call()
#6 /var/www/html/QM/blog/vendor/laravel/lumen-framework/src/Concerns/RoutesRequests.php(389): Illuminate\\Container\\Container->call()
#7 /var/www/html/QM/blog/vendor/laravel/lumen-framework/src/Concerns/RoutesRequests.php(355): Laravel\\Lumen\\Application->callControllerCallable()
#8 /var/www/html/QM/blog/vendor/laravel/lumen-framework/src/Concerns/RoutesRequests.php(329): Laravel\\Lumen\\Application->callLumenController()
#9 /var/www/html/QM/blog/vendor/laravel/lumen-framework/src/Concerns/RoutesRequests.php(282): Laravel\\Lumen\\Application->callControllerAction()
#10 /var/www/html/QM/blog/vendor/laravel/lumen-framework/src/Concerns/RoutesRequests.php(267): Laravel\\Lumen\\Application->callActionOnArrayBasedRoute()
#11 /var/www/html/QM/blog/vendor/laravel/lumen-framework/src/Concerns/RoutesRequests.php(169): Laravel\\Lumen\\Application->handleFoundRoute()
#12 /var/www/html/QM/blog/vendor/laravel/lumen-framework/src/Concerns/RoutesRequests.php(429): Laravel\\Lumen\\Application->Laravel\\Lumen\\Concerns\\{closure}()
#13 /var/www/html/QM/blog/vendor/laravel/lumen-framework/src/Concerns/RoutesRequests.php(175): Laravel\\Lumen\\Application->sendThroughPipeline()
#14 /var/www/html/QM/blog/vendor/laravel/lumen-framework/src/Concerns/RoutesRequests.php(112): Laravel\\Lumen\\Application->dispatch()
#15 /var/www/html/QM/blog/public/index.php(28): Laravel\\Lumen\\Application->run()
#16 {main}
"} 
[2022-10-17 15:38:22] local.ERROR: Unable to resolve dependency [Parameter #1 [ <required> $id ]] in class App\Http\Controllers\CompanyController {"exception":"[object] (Illuminate\\Contracts\\Container\\BindingResolutionException(code: 0): Unable to resolve dependency [Parameter #1 [ <required> $id ]] in class App\\Http\\Controllers\\CompanyController at /var/www/html/QM/blog/vendor/illuminate/container/BoundMethod.php:188)
[stacktrace]
#0 /var/www/html/QM/blog/vendor/illuminate/container/BoundMethod.php(124): Illuminate\\Container\\BoundMethod::addDependencyForCallParameter()
#1 /var/www/html/QM/blog/vendor/illuminate/container/BoundMethod.php(36): Illuminate\\Container\\BoundMethod::getMethodDependencies()
#2 /var/www/html/QM/blog/vendor/illuminate/container/Util.php(41): Illuminate\\Container\\BoundMethod::Illuminate\\Container\\{closure}()
#3 /var/www/html/QM/blog/vendor/illuminate/container/BoundMethod.php(93): Illuminate\\Container\\Util::unwrapIfClosure()
#4 /var/www/html/QM/blog/vendor/illuminate/container/BoundMethod.php(37): Illuminate\\Container\\BoundMethod::callBoundMethod()
#5 /var/www/html/QM/blog/vendor/illuminate/container/Container.php(651): Illuminate\\Container\\BoundMethod::call()
#6 /var/www/html/QM/blog/vendor/laravel/lumen-framework/src/Concerns/RoutesRequests.php(389): Illuminate\\Container\\Container->call()
#7 /var/www/html/QM/blog/vendor/laravel/lumen-framework/src/Concerns/RoutesRequests.php(355): Laravel\\Lumen\\Application->callControllerCallable()
#8 /var/www/html/QM/blog/vendor/laravel/lumen-framework/src/Concerns/RoutesRequests.php(329): Laravel\\Lumen\\Application->callLumenController()
#9 /var/www/html/QM/blog/vendor/laravel/lumen-framework/src/Concerns/RoutesRequests.php(282): Laravel\\Lumen\\Application->callControllerAction()
#10 /var/www/html/QM/blog/vendor/laravel/lumen-framework/src/Concerns/RoutesRequests.php(267): Laravel\\Lumen\\Application->callActionOnArrayBasedRoute()
#11 /var/www/html/QM/blog/vendor/laravel/lumen-framework/src/Concerns/RoutesRequests.php(169): Laravel\\Lumen\\Application->handleFoundRoute()
#12 /var/www/html/QM/blog/vendor/laravel/lumen-framework/src/Concerns/RoutesRequests.php(429): Laravel\\Lumen\\Application->Laravel\\Lumen\\Concerns\\{closure}()
#13 /var/www/html/QM/blog/vendor/laravel/lumen-framework/src/Concerns/RoutesRequests.php(175): Laravel\\Lumen\\Application->sendThroughPipeline()
#14 /var/www/html/QM/blog/vendor/laravel/lumen-framework/src/Concerns/RoutesRequests.php(112): Laravel\\Lumen\\Application->dispatch()
#15 /var/www/html/QM/blog/public/index.php(28): Laravel\\Lumen\\Application->run()
#16 {main}
"} 
[2022-10-17 15:38:33] local.ERROR: Unable to resolve dependency [Parameter #1 [ <required> $id ]] in class App\Http\Controllers\CompanyController {"exception":"[object] (Illuminate\\Contracts\\Container\\BindingResolutionException(code: 0): Unable to resolve dependency [Parameter #1 [ <required> $id ]] in class App\\Http\\Controllers\\CompanyController at /var/www/html/QM/blog/vendor/illuminate/container/BoundMethod.php:188)
[stacktrace]
#0 /var/www/html/QM/blog/vendor/illuminate/container/BoundMethod.php(124): Illuminate\\Container\\BoundMethod::addDependencyForCallParameter()
#1 /var/www/html/QM/blog/vendor/illuminate/container/BoundMethod.php(36): Illuminate\\Container\\BoundMethod::getMethodDependencies()
#2 /var/www/html/QM/blog/vendor/illuminate/container/Util.php(41): Illuminate\\Container\\BoundMethod::Illuminate\\Container\\{closure}()
#3 /var/www/html/QM/blog/vendor/illuminate/container/BoundMethod.php(93): Illuminate\\Container\\Util::unwrapIfClosure()
#4 /var/www/html/QM/blog/vendor/illuminate/container/BoundMethod.php(37): Illuminate\\Container\\BoundMethod::callBoundMethod()
#5 /var/www/html/QM/blog/vendor/illuminate/container/Container.php(651): Illuminate\\Container\\BoundMethod::call()
#6 /var/www/html/QM/blog/vendor/laravel/lumen-framework/src/Concerns/RoutesRequests.php(389): Illuminate\\Container\\Container->call()
#7 /var/www/html/QM/blog/vendor/laravel/lumen-framework/src/Concerns/RoutesRequests.php(355): Laravel\\Lumen\\Application->callControllerCallable()
#8 /var/www/html/QM/blog/vendor/laravel/lumen-framework/src/Concerns/RoutesRequests.php(329): Laravel\\Lumen\\Application->callLumenController()
#9 /var/www/html/QM/blog/vendor/laravel/lumen-framework/src/Concerns/RoutesRequests.php(282): Laravel\\Lumen\\Application->callControllerAction()
#10 /var/www/html/QM/blog/vendor/laravel/lumen-framework/src/Concerns/RoutesRequests.php(267): Laravel\\Lumen\\Application->callActionOnArrayBasedRoute()
#11 /var/www/html/QM/blog/vendor/laravel/lumen-framework/src/Concerns/RoutesRequests.php(169): Laravel\\Lumen\\Application->handleFoundRoute()
#12 /var/www/html/QM/blog/vendor/laravel/lumen-framework/src/Concerns/RoutesRequests.php(429): Laravel\\Lumen\\Application->Laravel\\Lumen\\Concerns\\{closure}()
#13 /var/www/html/QM/blog/vendor/laravel/lumen-framework/src/Concerns/RoutesRequests.php(175): Laravel\\Lumen\\Application->sendThroughPipeline()
#14 /var/www/html/QM/blog/vendor/laravel/lumen-framework/src/Concerns/RoutesRequests.php(112): Laravel\\Lumen\\Application->dispatch()
#15 /var/www/html/QM/blog/public/index.php(28): Laravel\\Lumen\\Application->run()
#16 {main}
"} 
[2022-10-17 15:39:12] local.ERROR: Unable to resolve dependency [Parameter #1 [ <required> $id ]] in class App\Http\Controllers\CompanyController {"exception":"[object] (Illuminate\\Contracts\\Container\\BindingResolutionException(code: 0): Unable to resolve dependency [Parameter #1 [ <required> $id ]] in class App\\Http\\Controllers\\CompanyController at /var/www/html/QM/blog/vendor/illuminate/container/BoundMethod.php:188)
[stacktrace]
#0 /var/www/html/QM/blog/vendor/illuminate/container/BoundMethod.php(124): Illuminate\\Container\\BoundMethod::addDependencyForCallParameter()
#1 /var/www/html/QM/blog/vendor/illuminate/container/BoundMethod.php(36): Illuminate\\Container\\BoundMethod::getMethodDependencies()
#2 /var/www/html/QM/blog/vendor/illuminate/container/Util.php(41): Illuminate\\Container\\BoundMethod::Illuminate\\Container\\{closure}()
#3 /var/www/html/QM/blog/vendor/illuminate/container/BoundMethod.php(93): Illuminate\\Container\\Util::unwrapIfClosure()
#4 /var/www/html/QM/blog/vendor/illuminate/container/BoundMethod.php(37): Illuminate\\Container\\BoundMethod::callBoundMethod()
#5 /var/www/html/QM/blog/vendor/illuminate/container/Container.php(651): Illuminate\\Container\\BoundMethod::call()
#6 /var/www/html/QM/blog/vendor/laravel/lumen-framework/src/Concerns/RoutesRequests.php(389): Illuminate\\Container\\Container->call()
#7 /var/www/html/QM/blog/vendor/laravel/lumen-framework/src/Concerns/RoutesRequests.php(355): Laravel\\Lumen\\Application->callControllerCallable()
#8 /var/www/html/QM/blog/vendor/laravel/lumen-framework/src/Concerns/RoutesRequests.php(329): Laravel\\Lumen\\Application->callLumenController()
#9 /var/www/html/QM/blog/vendor/laravel/lumen-framework/src/Concerns/RoutesRequests.php(282): Laravel\\Lumen\\Application->callControllerAction()
#10 /var/www/html/QM/blog/vendor/laravel/lumen-framework/src/Concerns/RoutesRequests.php(267): Laravel\\Lumen\\Application->callActionOnArrayBasedRoute()
#11 /var/www/html/QM/blog/vendor/laravel/lumen-framework/src/Concerns/RoutesRequests.php(169): Laravel\\Lumen\\Application->handleFoundRoute()
#12 /var/www/html/QM/blog/vendor/laravel/lumen-framework/src/Concerns/RoutesRequests.php(429): Laravel\\Lumen\\Application->Laravel\\Lumen\\Concerns\\{closure}()
#13 /var/www/html/QM/blog/vendor/laravel/lumen-framework/src/Concerns/RoutesRequests.php(175): Laravel\\Lumen\\Application->sendThroughPipeline()
#14 /var/www/html/QM/blog/vendor/laravel/lumen-framework/src/Concerns/RoutesRequests.php(112): Laravel\\Lumen\\Application->dispatch()
#15 /var/www/html/QM/blog/public/index.php(28): Laravel\\Lumen\\Application->run()
#16 {main}
"} 
