[2022-10-24 18:34:46] local.ERROR: Undefined class constant 'ALGO_HS256' {"exception":"[object] (Error(code: 0): Undefined class constant 'ALGO_HS256' at /var/www/html/QM/quotation_management/config/jwt.php:134)
[stacktrace]
#0 /var/www/html/QM/quotation_management/vendor/laravel/lumen-framework/src/Application.php(688): require()
#1 /var/www/html/QM/quotation_management/bootstrap/app.php(63): Laravel\\Lumen\\Application->configure()
#2 /var/www/html/QM/quotation_management/public/index.php(14): require('/var/www/html/Q...')
#3 {main}
"} 
[2022-10-24 18:37:15] local.ERROR: Undefined class constant 'ALGO_HS256' {"exception":"[object] (Error(code: 0): Undefined class constant 'ALGO_HS256' at /var/www/html/QM/quotation_management/config/jwt.php:134)
[stacktrace]
#0 /var/www/html/QM/quotation_management/vendor/laravel/lumen-framework/src/Application.php(688): require()
#1 /var/www/html/QM/quotation_management/bootstrap/app.php(63): Laravel\\Lumen\\Application->configure()
#2 /var/www/html/QM/quotation_management/public/index.php(14): require('/var/www/html/Q...')
#3 {main}
"} 
[2022-10-24 18:37:42] local.ERROR: Undefined class constant 'ALGO_HS256' {"exception":"[object] (Error(code: 0): Undefined class constant 'ALGO_HS256' at /var/www/html/QM/quotation_management/config/jwt.php:134)
[stacktrace]
#0 /var/www/html/QM/quotation_management/vendor/laravel/lumen-framework/src/Application.php(688): require()
#1 /var/www/html/QM/quotation_management/bootstrap/app.php(63): Laravel\\Lumen\\Application->configure()
#2 /var/www/html/QM/quotation_management/public/index.php(14): require('/var/www/html/Q...')
#3 {main}
"} 
[2022-10-24 18:37:47] local.ERROR: Undefined class constant 'ALGO_HS256' {"exception":"[object] (Error(code: 0): Undefined class constant 'ALGO_HS256' at /var/www/html/QM/quotation_management/config/jwt.php:134)
[stacktrace]
#0 /var/www/html/QM/quotation_management/vendor/laravel/lumen-framework/src/Application.php(688): require()
#1 /var/www/html/QM/quotation_management/bootstrap/app.php(63): Laravel\\Lumen\\Application->configure()
#2 /var/www/html/QM/quotation_management/public/index.php(14): require('/var/www/html/Q...')
#3 {main}
"} 
[2022-10-24 18:37:49] local.ERROR: Undefined class constant 'ALGO_HS256' {"exception":"[object] (Error(code: 0): Undefined class constant 'ALGO_HS256' at /var/www/html/QM/quotation_management/config/jwt.php:134)
[stacktrace]
#0 /var/www/html/QM/quotation_management/vendor/laravel/lumen-framework/src/Application.php(688): require()
#1 /var/www/html/QM/quotation_management/bootstrap/app.php(63): Laravel\\Lumen\\Application->configure()
#2 /var/www/html/QM/quotation_management/public/index.php(14): require('/var/www/html/Q...')
#3 {main}
"} 
[2022-10-24 18:38:41] local.ERROR: Undefined class constant 'ALGO_HS256' {"exception":"[object] (Error(code: 0): Undefined class constant 'ALGO_HS256' at /var/www/html/QM/quotation_management/config/jwt.php:134)
[stacktrace]
#0 /var/www/html/QM/quotation_management/vendor/laravel/lumen-framework/src/Application.php(688): require()
#1 /var/www/html/QM/quotation_management/bootstrap/app.php(63): Laravel\\Lumen\\Application->configure()
#2 /var/www/html/QM/quotation_management/public/index.php(14): require('/var/www/html/Q...')
#3 {main}
"} 
[2022-10-24 18:43:11] local.ERROR: Undefined class constant 'ALGO_HS256' {"exception":"[object] (Error(code: 0): Undefined class constant 'ALGO_HS256' at /var/www/html/QM/quotation_management/config/jwt.php:134)
[stacktrace]
#0 /var/www/html/QM/quotation_management/vendor/laravel/lumen-framework/src/Application.php(688): require()
#1 /var/www/html/QM/quotation_management/bootstrap/app.php(63): Laravel\\Lumen\\Application->configure()
#2 /var/www/html/QM/quotation_management/public/index.php(14): require('/var/www/html/Q...')
#3 {main}
"} 
[2022-10-24 18:43:18] local.ERROR: Undefined class constant 'ALGO_HS256' {"exception":"[object] (Error(code: 0): Undefined class constant 'ALGO_HS256' at /var/www/html/QM/quotation_management/config/jwt.php:134)
[stacktrace]
#0 /var/www/html/QM/quotation_management/vendor/laravel/lumen-framework/src/Application.php(688): require()
#1 /var/www/html/QM/quotation_management/bootstrap/app.php(63): Laravel\\Lumen\\Application->configure()
#2 /var/www/html/QM/quotation_management/public/index.php(14): require('/var/www/html/Q...')
#3 {main}
"} 
[2022-10-24 18:46:34] local.ERROR: Undefined class constant 'ALGO_HS256' {"exception":"[object] (Error(code: 0): Undefined class constant 'ALGO_HS256' at /var/www/html/QM/quotation_management/config/jwt.php:134)
[stacktrace]
#0 /var/www/html/QM/quotation_management/vendor/laravel/lumen-framework/src/Application.php(688): require()
#1 /var/www/html/QM/quotation_management/bootstrap/app.php(63): Laravel\\Lumen\\Application->configure()
#2 /var/www/html/QM/quotation_management/artisan(18): require('/var/www/html/Q...')
#3 {main}
"} 
[2022-10-24 18:49:46] local.ERROR: Undefined class constant 'ALGO_HS256' {"exception":"[object] (Error(code: 0): Undefined class constant 'ALGO_HS256' at /var/www/html/QM/quotation_management/config/jwt.php:134)
[stacktrace]
#0 /var/www/html/QM/quotation_management/vendor/laravel/lumen-framework/src/Application.php(688): require()
#1 /var/www/html/QM/quotation_management/bootstrap/app.php(63): Laravel\\Lumen\\Application->configure()
#2 /var/www/html/QM/quotation_management/artisan(18): require('/var/www/html/Q...')
#3 {main}
"} 
[2022-10-24 18:58:18] local.ERROR: Undefined class constant 'ALGO_HS256' {"exception":"[object] (Error(code: 0): Undefined class constant 'ALGO_HS256' at /var/www/html/QM/quotation_management/config/jwt.php:134)
[stacktrace]
#0 /var/www/html/QM/quotation_management/vendor/laravel/lumen-framework/src/Application.php(688): require()
#1 /var/www/html/QM/quotation_management/bootstrap/app.php(63): Laravel\\Lumen\\Application->configure()
#2 /var/www/html/QM/quotation_management/public/index.php(14): require('/var/www/html/Q...')
#3 {main}
"} 
[2022-10-24 19:05:59] local.ERROR: Class 'Barryvdh\DomPDF\ServiceProvider' not found {"exception":"[object] (Error(code: 0): Class 'Barryvdh\\DomPDF\\ServiceProvider' not found at /var/www/html/QM/quotation_management/vendor/laravel/lumen-framework/src/Application.php:223)
[stacktrace]
#0 /var/www/html/QM/quotation_management/bootstrap/app.php(100): Laravel\\Lumen\\Application->register()
#1 /var/www/html/QM/quotation_management/artisan(18): require('/var/www/html/Q...')
#2 {main}
"} 
[2022-10-24 19:16:12] local.ERROR: Class 'Barryvdh\DomPDF\ServiceProvider' not found {"exception":"[object] (Error(code: 0): Class 'Barryvdh\\DomPDF\\ServiceProvider' not found at /var/www/html/QM/quotation_management/vendor/laravel/lumen-framework/src/Application.php:223)
[stacktrace]
#0 /var/www/html/QM/quotation_management/bootstrap/app.php(100): Laravel\\Lumen\\Application->register()
#1 /var/www/html/QM/quotation_management/public/index.php(14): require('/var/www/html/Q...')
#2 {main}
"} 
[2022-10-24 19:16:44] local.ERROR: Class 'Barryvdh\DomPDF\ServiceProvider' not found {"exception":"[object] (Error(code: 0): Class 'Barryvdh\\DomPDF\\ServiceProvider' not found at /var/www/html/QM/quotation_management/vendor/laravel/lumen-framework/src/Application.php:223)
[stacktrace]
#0 /var/www/html/QM/quotation_management/bootstrap/app.php(100): Laravel\\Lumen\\Application->register()
#1 /var/www/html/QM/quotation_management/public/index.php(14): require('/var/www/html/Q...')
#2 {main}
"} 
[2022-10-24 19:17:06] local.ERROR: Class 'Barryvdh\DomPDF\ServiceProvider' not found {"exception":"[object] (Error(code: 0): Class 'Barryvdh\\DomPDF\\ServiceProvider' not found at /var/www/html/QM/quotation_management/vendor/laravel/lumen-framework/src/Application.php:223)
[stacktrace]
#0 /var/www/html/QM/quotation_management/bootstrap/app.php(100): Laravel\\Lumen\\Application->register()
#1 /var/www/html/QM/quotation_management/public/index.php(14): require('/var/www/html/Q...')
#2 {main}
"} 
[2022-10-24 19:51:21] local.ERROR: Undefined class constant 'ALGO_HS256' {"exception":"[object] (Error(code: 0): Undefined class constant 'ALGO_HS256' at /var/www/html/QM/quotation_management/config/jwt.php:134)
[stacktrace]
#0 /var/www/html/QM/quotation_management/vendor/laravel/lumen-framework/src/Application.php(688): require()
#1 /var/www/html/QM/quotation_management/bootstrap/app.php(63): Laravel\\Lumen\\Application->configure()
#2 /var/www/html/QM/quotation_management/public/index.php(14): require('/var/www/html/Q...')
#3 {main}
"} 
[2022-10-24 20:00:49] local.ERROR: There are no commands defined in the "key" namespace. {"exception":"[object] (Symfony\\Component\\Console\\Exception\\NamespaceNotFoundException(code: 0): There are no commands defined in the \"key\" namespace. at /var/www/html/QM/quotation_management/vendor/symfony/console/Application.php:648)
[stacktrace]
#0 /var/www/html/QM/quotation_management/vendor/symfony/console/Application.php(699): Symfony\\Component\\Console\\Application->findNamespace()
#1 /var/www/html/QM/quotation_management/vendor/symfony/console/Application.php(259): Symfony\\Component\\Console\\Application->find()
#2 /var/www/html/QM/quotation_management/vendor/symfony/console/Application.php(171): Symfony\\Component\\Console\\Application->doRun()
#3 /var/www/html/QM/quotation_management/vendor/illuminate/console/Application.php(94): Symfony\\Component\\Console\\Application->run()
#4 /var/www/html/QM/quotation_management/vendor/laravel/lumen-framework/src/Console/Kernel.php(116): Illuminate\\Console\\Application->run()
#5 /var/www/html/QM/quotation_management/artisan(35): Laravel\\Lumen\\Console\\Kernel->handle()
#6 {main}
"} 
[2022-10-24 20:16:49] local.ERROR: SQLSTATE[42S01]: Base table or view already exists: 1050 Table 'users' already exists (SQL: create table `users` (`company_id` int unsigned not null auto_increment primary key, `company_name` varchar(255) null, `address` text null, `contact_number` bigint null, `email` varchar(255) not null, `gst_no` int null, `otp` int null, `otp_send_at` timestamp null, `otp_verified_status` int not null default '0' comment '0:not Verified,1:verified', `otp_verified_at` timestamp null, `status` int not null default '0' comment '0:pending,1:approved,2:blocked', `username` varchar(255) null, `password` varchar(255) null, `email_verified_at` timestamp null, `is_admin` int not null default '0' comment '0:not admin,1:admin', `remember_token` varchar(100) null, `created_at` timestamp null, `updated_at` timestamp null) default character set utf8mb4 collate 'utf8mb4_unicode_ci') {"exception":"[object] (Illuminate\\Database\\QueryException(code: 42S01): SQLSTATE[42S01]: Base table or view already exists: 1050 Table 'users' already exists (SQL: create table `users` (`company_id` int unsigned not null auto_increment primary key, `company_name` varchar(255) null, `address` text null, `contact_number` bigint null, `email` varchar(255) not null, `gst_no` int null, `otp` int null, `otp_send_at` timestamp null, `otp_verified_status` int not null default '0' comment '0:not Verified,1:verified', `otp_verified_at` timestamp null, `status` int not null default '0' comment '0:pending,1:approved,2:blocked', `username` varchar(255) null, `password` varchar(255) null, `email_verified_at` timestamp null, `is_admin` int not null default '0' comment '0:not admin,1:admin', `remember_token` varchar(100) null, `created_at` timestamp null, `updated_at` timestamp null) default character set utf8mb4 collate 'utf8mb4_unicode_ci') at /var/www/html/QM/quotation_management/vendor/illuminate/database/Connection.php:712)
[stacktrace]
#0 /var/www/html/QM/quotation_management/vendor/illuminate/database/Connection.php(672): Illuminate\\Database\\Connection->runQueryCallback()
#1 /var/www/html/QM/quotation_management/vendor/illuminate/database/Connection.php(502): Illuminate\\Database\\Connection->run()
#2 /var/www/html/QM/quotation_management/vendor/illuminate/database/Schema/Blueprint.php(109): Illuminate\\Database\\Connection->statement()
#3 /var/www/html/QM/quotation_management/vendor/illuminate/database/Schema/Builder.php(364): Illuminate\\Database\\Schema\\Blueprint->build()
#4 /var/www/html/QM/quotation_management/vendor/illuminate/database/Schema/Builder.php(227): Illuminate\\Database\\Schema\\Builder->build()
#5 /var/www/html/QM/quotation_management/vendor/illuminate/support/Facades/Facade.php(261): Illuminate\\Database\\Schema\\Builder->create()
#6 /var/www/html/QM/quotation_management/database/migrations/2022_10_17_205323_create_user_table.php(34): Illuminate\\Support\\Facades\\Facade::__callStatic()
#7 /var/www/html/QM/quotation_management/vendor/illuminate/database/Migrations/Migrator.php(472): class@anonymous->up()
#8 /var/www/html/QM/quotation_management/vendor/illuminate/database/Migrations/Migrator.php(394): Illuminate\\Database\\Migrations\\Migrator->runMethod()
#9 /var/www/html/QM/quotation_management/vendor/illuminate/database/Migrations/Migrator.php(403): Illuminate\\Database\\Migrations\\Migrator->Illuminate\\Database\\Migrations\\{closure}()
#10 /var/www/html/QM/quotation_management/vendor/illuminate/database/Migrations/Migrator.php(202): Illuminate\\Database\\Migrations\\Migrator->runMigration()
#11 /var/www/html/QM/quotation_management/vendor/illuminate/database/Migrations/Migrator.php(167): Illuminate\\Database\\Migrations\\Migrator->runUp()
#12 /var/www/html/QM/quotation_management/vendor/illuminate/database/Migrations/Migrator.php(112): Illuminate\\Database\\Migrations\\Migrator->runPending()
#13 /var/www/html/QM/quotation_management/vendor/illuminate/database/Console/Migrations/MigrateCommand.php(86): Illuminate\\Database\\Migrations\\Migrator->run()
#14 /var/www/html/QM/quotation_management/vendor/illuminate/database/Migrations/Migrator.php(606): Illuminate\\Database\\Console\\Migrations\\MigrateCommand->Illuminate\\Database\\Console\\Migrations\\{closure}()
#15 /var/www/html/QM/quotation_management/vendor/illuminate/database/Console/Migrations/MigrateCommand.php(98): Illuminate\\Database\\Migrations\\Migrator->usingConnection()
#16 /var/www/html/QM/quotation_management/vendor/illuminate/container/BoundMethod.php(36): Illuminate\\Database\\Console\\Migrations\\MigrateCommand->handle()
#17 /var/www/html/QM/quotation_management/vendor/illuminate/container/Util.php(40): Illuminate\\Container\\BoundMethod::Illuminate\\Container\\{closure}()
#18 /var/www/html/QM/quotation_management/vendor/illuminate/container/BoundMethod.php(93): Illuminate\\Container\\Util::unwrapIfClosure()
#19 /var/www/html/QM/quotation_management/vendor/illuminate/container/BoundMethod.php(37): Illuminate\\Container\\BoundMethod::callBoundMethod()
#20 /var/www/html/QM/quotation_management/vendor/illuminate/container/Container.php(653): Illuminate\\Container\\BoundMethod::call()
#21 /var/www/html/QM/quotation_management/vendor/illuminate/console/Command.php(136): Illuminate\\Container\\Container->call()
#22 /var/www/html/QM/quotation_management/vendor/symfony/console/Command/Command.php(298): Illuminate\\Console\\Command->execute()
#23 /var/www/html/QM/quotation_management/vendor/illuminate/console/Command.php(121): Symfony\\Component\\Console\\Command\\Command->run()
#24 /var/www/html/QM/quotation_management/vendor/illuminate/console/Concerns/CallsCommands.php(68): Illuminate\\Console\\Command->run()
#25 /var/www/html/QM/quotation_management/vendor/illuminate/console/Concerns/CallsCommands.php(28): Illuminate\\Console\\Command->runCommand()
#26 /var/www/html/QM/quotation_management/vendor/illuminate/database/Console/Migrations/RefreshCommand.php(62): Illuminate\\Console\\Command->call()
#27 /var/www/html/QM/quotation_management/vendor/illuminate/container/BoundMethod.php(36): Illuminate\\Database\\Console\\Migrations\\RefreshCommand->handle()
#28 /var/www/html/QM/quotation_management/vendor/illuminate/container/Util.php(40): Illuminate\\Container\\BoundMethod::Illuminate\\Container\\{closure}()
#29 /var/www/html/QM/quotation_management/vendor/illuminate/container/BoundMethod.php(93): Illuminate\\Container\\Util::unwrapIfClosure()
#30 /var/www/html/QM/quotation_management/vendor/illuminate/container/BoundMethod.php(37): Illuminate\\Container\\BoundMethod::callBoundMethod()
#31 /var/www/html/QM/quotation_management/vendor/illuminate/container/Container.php(653): Illuminate\\Container\\BoundMethod::call()
#32 /var/www/html/QM/quotation_management/vendor/illuminate/console/Command.php(136): Illuminate\\Container\\Container->call()
#33 /var/www/html/QM/quotation_management/vendor/symfony/console/Command/Command.php(298): Illuminate\\Console\\Command->execute()
#34 /var/www/html/QM/quotation_management/vendor/illuminate/console/Command.php(121): Symfony\\Component\\Console\\Command\\Command->run()
#35 /var/www/html/QM/quotation_management/vendor/symfony/console/Application.php(1028): Illuminate\\Console\\Command->run()
#36 /var/www/html/QM/quotation_management/vendor/symfony/console/Application.php(299): Symfony\\Component\\Console\\Application->doRunCommand()
#37 /var/www/html/QM/quotation_management/vendor/symfony/console/Application.php(171): Symfony\\Component\\Console\\Application->doRun()
#38 /var/www/html/QM/quotation_management/vendor/illuminate/console/Application.php(94): Symfony\\Component\\Console\\Application->run()
#39 /var/www/html/QM/quotation_management/vendor/laravel/lumen-framework/src/Console/Kernel.php(116): Illuminate\\Console\\Application->run()
#40 /var/www/html/QM/quotation_management/artisan(35): Laravel\\Lumen\\Console\\Kernel->handle()
#41 {main}

[previous exception] [object] (PDOException(code: 42S01): SQLSTATE[42S01]: Base table or view already exists: 1050 Table 'users' already exists at /var/www/html/QM/quotation_management/vendor/illuminate/database/Connection.php:501)
[stacktrace]
#0 /var/www/html/QM/quotation_management/vendor/illuminate/database/Connection.php(501): PDOStatement->execute()
#1 /var/www/html/QM/quotation_management/vendor/illuminate/database/Connection.php(705): Illuminate\\Database\\Connection->Illuminate\\Database\\{closure}()
#2 /var/www/html/QM/quotation_management/vendor/illuminate/database/Connection.php(672): Illuminate\\Database\\Connection->runQueryCallback()
#3 /var/www/html/QM/quotation_management/vendor/illuminate/database/Connection.php(502): Illuminate\\Database\\Connection->run()
#4 /var/www/html/QM/quotation_management/vendor/illuminate/database/Schema/Blueprint.php(109): Illuminate\\Database\\Connection->statement()
#5 /var/www/html/QM/quotation_management/vendor/illuminate/database/Schema/Builder.php(364): Illuminate\\Database\\Schema\\Blueprint->build()
#6 /var/www/html/QM/quotation_management/vendor/illuminate/database/Schema/Builder.php(227): Illuminate\\Database\\Schema\\Builder->build()
#7 /var/www/html/QM/quotation_management/vendor/illuminate/support/Facades/Facade.php(261): Illuminate\\Database\\Schema\\Builder->create()
#8 /var/www/html/QM/quotation_management/database/migrations/2022_10_17_205323_create_user_table.php(34): Illuminate\\Support\\Facades\\Facade::__callStatic()
#9 /var/www/html/QM/quotation_management/vendor/illuminate/database/Migrations/Migrator.php(472): class@anonymous->up()
#10 /var/www/html/QM/quotation_management/vendor/illuminate/database/Migrations/Migrator.php(394): Illuminate\\Database\\Migrations\\Migrator->runMethod()
#11 /var/www/html/QM/quotation_management/vendor/illuminate/database/Migrations/Migrator.php(403): Illuminate\\Database\\Migrations\\Migrator->Illuminate\\Database\\Migrations\\{closure}()
#12 /var/www/html/QM/quotation_management/vendor/illuminate/database/Migrations/Migrator.php(202): Illuminate\\Database\\Migrations\\Migrator->runMigration()
#13 /var/www/html/QM/quotation_management/vendor/illuminate/database/Migrations/Migrator.php(167): Illuminate\\Database\\Migrations\\Migrator->runUp()
#14 /var/www/html/QM/quotation_management/vendor/illuminate/database/Migrations/Migrator.php(112): Illuminate\\Database\\Migrations\\Migrator->runPending()
#15 /var/www/html/QM/quotation_management/vendor/illuminate/database/Console/Migrations/MigrateCommand.php(86): Illuminate\\Database\\Migrations\\Migrator->run()
#16 /var/www/html/QM/quotation_management/vendor/illuminate/database/Migrations/Migrator.php(606): Illuminate\\Database\\Console\\Migrations\\MigrateCommand->Illuminate\\Database\\Console\\Migrations\\{closure}()
#17 /var/www/html/QM/quotation_management/vendor/illuminate/database/Console/Migrations/MigrateCommand.php(98): Illuminate\\Database\\Migrations\\Migrator->usingConnection()
#18 /var/www/html/QM/quotation_management/vendor/illuminate/container/BoundMethod.php(36): Illuminate\\Database\\Console\\Migrations\\MigrateCommand->handle()
#19 /var/www/html/QM/quotation_management/vendor/illuminate/container/Util.php(40): Illuminate\\Container\\BoundMethod::Illuminate\\Container\\{closure}()
#20 /var/www/html/QM/quotation_management/vendor/illuminate/container/BoundMethod.php(93): Illuminate\\Container\\Util::unwrapIfClosure()
#21 /var/www/html/QM/quotation_management/vendor/illuminate/container/BoundMethod.php(37): Illuminate\\Container\\BoundMethod::callBoundMethod()
#22 /var/www/html/QM/quotation_management/vendor/illuminate/container/Container.php(653): Illuminate\\Container\\BoundMethod::call()
#23 /var/www/html/QM/quotation_management/vendor/illuminate/console/Command.php(136): Illuminate\\Container\\Container->call()
#24 /var/www/html/QM/quotation_management/vendor/symfony/console/Command/Command.php(298): Illuminate\\Console\\Command->execute()
#25 /var/www/html/QM/quotation_management/vendor/illuminate/console/Command.php(121): Symfony\\Component\\Console\\Command\\Command->run()
#26 /var/www/html/QM/quotation_management/vendor/illuminate/console/Concerns/CallsCommands.php(68): Illuminate\\Console\\Command->run()
#27 /var/www/html/QM/quotation_management/vendor/illuminate/console/Concerns/CallsCommands.php(28): Illuminate\\Console\\Command->runCommand()
#28 /var/www/html/QM/quotation_management/vendor/illuminate/database/Console/Migrations/RefreshCommand.php(62): Illuminate\\Console\\Command->call()
#29 /var/www/html/QM/quotation_management/vendor/illuminate/container/BoundMethod.php(36): Illuminate\\Database\\Console\\Migrations\\RefreshCommand->handle()
#30 /var/www/html/QM/quotation_management/vendor/illuminate/container/Util.php(40): Illuminate\\Container\\BoundMethod::Illuminate\\Container\\{closure}()
#31 /var/www/html/QM/quotation_management/vendor/illuminate/container/BoundMethod.php(93): Illuminate\\Container\\Util::unwrapIfClosure()
#32 /var/www/html/QM/quotation_management/vendor/illuminate/container/BoundMethod.php(37): Illuminate\\Container\\BoundMethod::callBoundMethod()
#33 /var/www/html/QM/quotation_management/vendor/illuminate/container/Container.php(653): Illuminate\\Container\\BoundMethod::call()
#34 /var/www/html/QM/quotation_management/vendor/illuminate/console/Command.php(136): Illuminate\\Container\\Container->call()
#35 /var/www/html/QM/quotation_management/vendor/symfony/console/Command/Command.php(298): Illuminate\\Console\\Command->execute()
#36 /var/www/html/QM/quotation_management/vendor/illuminate/console/Command.php(121): Symfony\\Component\\Console\\Command\\Command->run()
#37 /var/www/html/QM/quotation_management/vendor/symfony/console/Application.php(1028): Illuminate\\Console\\Command->run()
#38 /var/www/html/QM/quotation_management/vendor/symfony/console/Application.php(299): Symfony\\Component\\Console\\Application->doRunCommand()
#39 /var/www/html/QM/quotation_management/vendor/symfony/console/Application.php(171): Symfony\\Component\\Console\\Application->doRun()
#40 /var/www/html/QM/quotation_management/vendor/illuminate/console/Application.php(94): Symfony\\Component\\Console\\Application->run()
#41 /var/www/html/QM/quotation_management/vendor/laravel/lumen-framework/src/Console/Kernel.php(116): Illuminate\\Console\\Application->run()
#42 /var/www/html/QM/quotation_management/artisan(35): Laravel\\Lumen\\Console\\Kernel->handle()
#43 {main}
"} 
[2022-10-24 20:18:05] local.ERROR: SQLSTATE[HY000] [1049] Unknown database 'quotation' (SQL: select * from information_schema.tables where table_schema = quotation and table_name = migrations and table_type = 'BASE TABLE') {"exception":"[object] (Illuminate\\Database\\QueryException(code: 1049): SQLSTATE[HY000] [1049] Unknown database 'quotation' (SQL: select * from information_schema.tables where table_schema = quotation and table_name = migrations and table_type = 'BASE TABLE') at /var/www/html/QM/quotation_management/vendor/illuminate/database/Connection.php:712)
[stacktrace]
#0 /var/www/html/QM/quotation_management/vendor/illuminate/database/Connection.php(672): Illuminate\\Database\\Connection->runQueryCallback()
#1 /var/www/html/QM/quotation_management/vendor/illuminate/database/Connection.php(376): Illuminate\\Database\\Connection->run()
#2 /var/www/html/QM/quotation_management/vendor/illuminate/database/Schema/MySqlBuilder.php(44): Illuminate\\Database\\Connection->select()
#3 /var/www/html/QM/quotation_management/vendor/illuminate/database/Migrations/DatabaseMigrationRepository.php(169): Illuminate\\Database\\Schema\\MySqlBuilder->hasTable()
#4 /var/www/html/QM/quotation_management/vendor/illuminate/database/Migrations/Migrator.php(673): Illuminate\\Database\\Migrations\\DatabaseMigrationRepository->repositoryExists()
#5 /var/www/html/QM/quotation_management/vendor/illuminate/database/Console/Migrations/ResetCommand.php(62): Illuminate\\Database\\Migrations\\Migrator->repositoryExists()
#6 /var/www/html/QM/quotation_management/vendor/illuminate/database/Migrations/Migrator.php(606): Illuminate\\Database\\Console\\Migrations\\ResetCommand->Illuminate\\Database\\Console\\Migrations\\{closure}()
#7 /var/www/html/QM/quotation_management/vendor/illuminate/database/Console/Migrations/ResetCommand.php(69): Illuminate\\Database\\Migrations\\Migrator->usingConnection()
#8 /var/www/html/QM/quotation_management/vendor/illuminate/container/BoundMethod.php(36): Illuminate\\Database\\Console\\Migrations\\ResetCommand->handle()
#9 /var/www/html/QM/quotation_management/vendor/illuminate/container/Util.php(40): Illuminate\\Container\\BoundMethod::Illuminate\\Container\\{closure}()
#10 /var/www/html/QM/quotation_management/vendor/illuminate/container/BoundMethod.php(93): Illuminate\\Container\\Util::unwrapIfClosure()
#11 /var/www/html/QM/quotation_management/vendor/illuminate/container/BoundMethod.php(37): Illuminate\\Container\\BoundMethod::callBoundMethod()
#12 /var/www/html/QM/quotation_management/vendor/illuminate/container/Container.php(653): Illuminate\\Container\\BoundMethod::call()
#13 /var/www/html/QM/quotation_management/vendor/illuminate/console/Command.php(136): Illuminate\\Container\\Container->call()
#14 /var/www/html/QM/quotation_management/vendor/symfony/console/Command/Command.php(298): Illuminate\\Console\\Command->execute()
#15 /var/www/html/QM/quotation_management/vendor/illuminate/console/Command.php(121): Symfony\\Component\\Console\\Command\\Command->run()
#16 /var/www/html/QM/quotation_management/vendor/illuminate/console/Concerns/CallsCommands.php(68): Illuminate\\Console\\Command->run()
#17 /var/www/html/QM/quotation_management/vendor/illuminate/console/Concerns/CallsCommands.php(28): Illuminate\\Console\\Command->runCommand()
#18 /var/www/html/QM/quotation_management/vendor/illuminate/database/Console/Migrations/RefreshCommand.php(110): Illuminate\\Console\\Command->call()
#19 /var/www/html/QM/quotation_management/vendor/illuminate/database/Console/Migrations/RefreshCommand.php(55): Illuminate\\Database\\Console\\Migrations\\RefreshCommand->runReset()
#20 /var/www/html/QM/quotation_management/vendor/illuminate/container/BoundMethod.php(36): Illuminate\\Database\\Console\\Migrations\\RefreshCommand->handle()
#21 /var/www/html/QM/quotation_management/vendor/illuminate/container/Util.php(40): Illuminate\\Container\\BoundMethod::Illuminate\\Container\\{closure}()
#22 /var/www/html/QM/quotation_management/vendor/illuminate/container/BoundMethod.php(93): Illuminate\\Container\\Util::unwrapIfClosure()
#23 /var/www/html/QM/quotation_management/vendor/illuminate/container/BoundMethod.php(37): Illuminate\\Container\\BoundMethod::callBoundMethod()
#24 /var/www/html/QM/quotation_management/vendor/illuminate/container/Container.php(653): Illuminate\\Container\\BoundMethod::call()
#25 /var/www/html/QM/quotation_management/vendor/illuminate/console/Command.php(136): Illuminate\\Container\\Container->call()
#26 /var/www/html/QM/quotation_management/vendor/symfony/console/Command/Command.php(298): Illuminate\\Console\\Command->execute()
#27 /var/www/html/QM/quotation_management/vendor/illuminate/console/Command.php(121): Symfony\\Component\\Console\\Command\\Command->run()
#28 /var/www/html/QM/quotation_management/vendor/symfony/console/Application.php(1028): Illuminate\\Console\\Command->run()
#29 /var/www/html/QM/quotation_management/vendor/symfony/console/Application.php(299): Symfony\\Component\\Console\\Application->doRunCommand()
#30 /var/www/html/QM/quotation_management/vendor/symfony/console/Application.php(171): Symfony\\Component\\Console\\Application->doRun()
#31 /var/www/html/QM/quotation_management/vendor/illuminate/console/Application.php(94): Symfony\\Component\\Console\\Application->run()
#32 /var/www/html/QM/quotation_management/vendor/laravel/lumen-framework/src/Console/Kernel.php(116): Illuminate\\Console\\Application->run()
#33 /var/www/html/QM/quotation_management/artisan(35): Laravel\\Lumen\\Console\\Kernel->handle()
#34 {main}

[previous exception] [object] (PDOException(code: 1049): SQLSTATE[HY000] [1049] Unknown database 'quotation' at /var/www/html/QM/quotation_management/vendor/illuminate/database/Connectors/Connector.php:70)
[stacktrace]
#0 /var/www/html/QM/quotation_management/vendor/illuminate/database/Connectors/Connector.php(70): PDO->__construct()
#1 /var/www/html/QM/quotation_management/vendor/illuminate/database/Connectors/Connector.php(46): Illuminate\\Database\\Connectors\\Connector->createPdoConnection()
#2 /var/www/html/QM/quotation_management/vendor/illuminate/database/Connectors/MySqlConnector.php(24): Illuminate\\Database\\Connectors\\Connector->createConnection()
#3 /var/www/html/QM/quotation_management/vendor/illuminate/database/Connectors/ConnectionFactory.php(184): Illuminate\\Database\\Connectors\\MySqlConnector->connect()
#4 [internal function]: Illuminate\\Database\\Connectors\\ConnectionFactory->Illuminate\\Database\\Connectors\\{closure}()
#5 /var/www/html/QM/quotation_management/vendor/illuminate/database/Connection.php(1064): call_user_func()
#6 /var/www/html/QM/quotation_management/vendor/illuminate/database/Connection.php(1100): Illuminate\\Database\\Connection->getPdo()
#7 /var/www/html/QM/quotation_management/vendor/illuminate/database/Connection.php(442): Illuminate\\Database\\Connection->getReadPdo()
#8 /var/www/html/QM/quotation_management/vendor/illuminate/database/Connection.php(368): Illuminate\\Database\\Connection->getPdoForSelect()
#9 /var/www/html/QM/quotation_management/vendor/illuminate/database/Connection.php(705): Illuminate\\Database\\Connection->Illuminate\\Database\\{closure}()
#10 /var/www/html/QM/quotation_management/vendor/illuminate/database/Connection.php(672): Illuminate\\Database\\Connection->runQueryCallback()
#11 /var/www/html/QM/quotation_management/vendor/illuminate/database/Connection.php(376): Illuminate\\Database\\Connection->run()
#12 /var/www/html/QM/quotation_management/vendor/illuminate/database/Schema/MySqlBuilder.php(44): Illuminate\\Database\\Connection->select()
#13 /var/www/html/QM/quotation_management/vendor/illuminate/database/Migrations/DatabaseMigrationRepository.php(169): Illuminate\\Database\\Schema\\MySqlBuilder->hasTable()
#14 /var/www/html/QM/quotation_management/vendor/illuminate/database/Migrations/Migrator.php(673): Illuminate\\Database\\Migrations\\DatabaseMigrationRepository->repositoryExists()
#15 /var/www/html/QM/quotation_management/vendor/illuminate/database/Console/Migrations/ResetCommand.php(62): Illuminate\\Database\\Migrations\\Migrator->repositoryExists()
#16 /var/www/html/QM/quotation_management/vendor/illuminate/database/Migrations/Migrator.php(606): Illuminate\\Database\\Console\\Migrations\\ResetCommand->Illuminate\\Database\\Console\\Migrations\\{closure}()
#17 /var/www/html/QM/quotation_management/vendor/illuminate/database/Console/Migrations/ResetCommand.php(69): Illuminate\\Database\\Migrations\\Migrator->usingConnection()
#18 /var/www/html/QM/quotation_management/vendor/illuminate/container/BoundMethod.php(36): Illuminate\\Database\\Console\\Migrations\\ResetCommand->handle()
#19 /var/www/html/QM/quotation_management/vendor/illuminate/container/Util.php(40): Illuminate\\Container\\BoundMethod::Illuminate\\Container\\{closure}()
#20 /var/www/html/QM/quotation_management/vendor/illuminate/container/BoundMethod.php(93): Illuminate\\Container\\Util::unwrapIfClosure()
#21 /var/www/html/QM/quotation_management/vendor/illuminate/container/BoundMethod.php(37): Illuminate\\Container\\BoundMethod::callBoundMethod()
#22 /var/www/html/QM/quotation_management/vendor/illuminate/container/Container.php(653): Illuminate\\Container\\BoundMethod::call()
#23 /var/www/html/QM/quotation_management/vendor/illuminate/console/Command.php(136): Illuminate\\Container\\Container->call()
#24 /var/www/html/QM/quotation_management/vendor/symfony/console/Command/Command.php(298): Illuminate\\Console\\Command->execute()
#25 /var/www/html/QM/quotation_management/vendor/illuminate/console/Command.php(121): Symfony\\Component\\Console\\Command\\Command->run()
#26 /var/www/html/QM/quotation_management/vendor/illuminate/console/Concerns/CallsCommands.php(68): Illuminate\\Console\\Command->run()
#27 /var/www/html/QM/quotation_management/vendor/illuminate/console/Concerns/CallsCommands.php(28): Illuminate\\Console\\Command->runCommand()
#28 /var/www/html/QM/quotation_management/vendor/illuminate/database/Console/Migrations/RefreshCommand.php(110): Illuminate\\Console\\Command->call()
#29 /var/www/html/QM/quotation_management/vendor/illuminate/database/Console/Migrations/RefreshCommand.php(55): Illuminate\\Database\\Console\\Migrations\\RefreshCommand->runReset()
#30 /var/www/html/QM/quotation_management/vendor/illuminate/container/BoundMethod.php(36): Illuminate\\Database\\Console\\Migrations\\RefreshCommand->handle()
#31 /var/www/html/QM/quotation_management/vendor/illuminate/container/Util.php(40): Illuminate\\Container\\BoundMethod::Illuminate\\Container\\{closure}()
#32 /var/www/html/QM/quotation_management/vendor/illuminate/container/BoundMethod.php(93): Illuminate\\Container\\Util::unwrapIfClosure()
#33 /var/www/html/QM/quotation_management/vendor/illuminate/container/BoundMethod.php(37): Illuminate\\Container\\BoundMethod::callBoundMethod()
#34 /var/www/html/QM/quotation_management/vendor/illuminate/container/Container.php(653): Illuminate\\Container\\BoundMethod::call()
#35 /var/www/html/QM/quotation_management/vendor/illuminate/console/Command.php(136): Illuminate\\Container\\Container->call()
#36 /var/www/html/QM/quotation_management/vendor/symfony/console/Command/Command.php(298): Illuminate\\Console\\Command->execute()
#37 /var/www/html/QM/quotation_management/vendor/illuminate/console/Command.php(121): Symfony\\Component\\Console\\Command\\Command->run()
#38 /var/www/html/QM/quotation_management/vendor/symfony/console/Application.php(1028): Illuminate\\Console\\Command->run()
#39 /var/www/html/QM/quotation_management/vendor/symfony/console/Application.php(299): Symfony\\Component\\Console\\Application->doRunCommand()
#40 /var/www/html/QM/quotation_management/vendor/symfony/console/Application.php(171): Symfony\\Component\\Console\\Application->doRun()
#41 /var/www/html/QM/quotation_management/vendor/illuminate/console/Application.php(94): Symfony\\Component\\Console\\Application->run()
#42 /var/www/html/QM/quotation_management/vendor/laravel/lumen-framework/src/Console/Kernel.php(116): Illuminate\\Console\\Application->run()
#43 /var/www/html/QM/quotation_management/artisan(35): Laravel\\Lumen\\Console\\Kernel->handle()
#44 {main}
"} 
[2022-10-24 20:18:14] local.ERROR: SQLSTATE[HY000] [1049] Unknown database 'quotation' (SQL: select * from information_schema.tables where table_schema = quotation and table_name = migrations and table_type = 'BASE TABLE') {"exception":"[object] (Illuminate\\Database\\QueryException(code: 1049): SQLSTATE[HY000] [1049] Unknown database 'quotation' (SQL: select * from information_schema.tables where table_schema = quotation and table_name = migrations and table_type = 'BASE TABLE') at /var/www/html/QM/quotation_management/vendor/illuminate/database/Connection.php:712)
[stacktrace]
#0 /var/www/html/QM/quotation_management/vendor/illuminate/database/Connection.php(672): Illuminate\\Database\\Connection->runQueryCallback()
#1 /var/www/html/QM/quotation_management/vendor/illuminate/database/Connection.php(376): Illuminate\\Database\\Connection->run()
#2 /var/www/html/QM/quotation_management/vendor/illuminate/database/Schema/MySqlBuilder.php(44): Illuminate\\Database\\Connection->select()
#3 /var/www/html/QM/quotation_management/vendor/illuminate/database/Migrations/DatabaseMigrationRepository.php(169): Illuminate\\Database\\Schema\\MySqlBuilder->hasTable()
#4 /var/www/html/QM/quotation_management/vendor/illuminate/database/Migrations/Migrator.php(673): Illuminate\\Database\\Migrations\\DatabaseMigrationRepository->repositoryExists()
#5 /var/www/html/QM/quotation_management/vendor/illuminate/database/Console/Migrations/MigrateCommand.php(110): Illuminate\\Database\\Migrations\\Migrator->repositoryExists()
#6 /var/www/html/QM/quotation_management/vendor/illuminate/database/Console/Migrations/MigrateCommand.php(78): Illuminate\\Database\\Console\\Migrations\\MigrateCommand->prepareDatabase()
#7 /var/www/html/QM/quotation_management/vendor/illuminate/database/Migrations/Migrator.php(606): Illuminate\\Database\\Console\\Migrations\\MigrateCommand->Illuminate\\Database\\Console\\Migrations\\{closure}()
#8 /var/www/html/QM/quotation_management/vendor/illuminate/database/Console/Migrations/MigrateCommand.php(98): Illuminate\\Database\\Migrations\\Migrator->usingConnection()
#9 /var/www/html/QM/quotation_management/vendor/illuminate/container/BoundMethod.php(36): Illuminate\\Database\\Console\\Migrations\\MigrateCommand->handle()
#10 /var/www/html/QM/quotation_management/vendor/illuminate/container/Util.php(40): Illuminate\\Container\\BoundMethod::Illuminate\\Container\\{closure}()
#11 /var/www/html/QM/quotation_management/vendor/illuminate/container/BoundMethod.php(93): Illuminate\\Container\\Util::unwrapIfClosure()
#12 /var/www/html/QM/quotation_management/vendor/illuminate/container/BoundMethod.php(37): Illuminate\\Container\\BoundMethod::callBoundMethod()
#13 /var/www/html/QM/quotation_management/vendor/illuminate/container/Container.php(653): Illuminate\\Container\\BoundMethod::call()
#14 /var/www/html/QM/quotation_management/vendor/illuminate/console/Command.php(136): Illuminate\\Container\\Container->call()
#15 /var/www/html/QM/quotation_management/vendor/symfony/console/Command/Command.php(298): Illuminate\\Console\\Command->execute()
#16 /var/www/html/QM/quotation_management/vendor/illuminate/console/Command.php(121): Symfony\\Component\\Console\\Command\\Command->run()
#17 /var/www/html/QM/quotation_management/vendor/symfony/console/Application.php(1028): Illuminate\\Console\\Command->run()
#18 /var/www/html/QM/quotation_management/vendor/symfony/console/Application.php(299): Symfony\\Component\\Console\\Application->doRunCommand()
#19 /var/www/html/QM/quotation_management/vendor/symfony/console/Application.php(171): Symfony\\Component\\Console\\Application->doRun()
#20 /var/www/html/QM/quotation_management/vendor/illuminate/console/Application.php(94): Symfony\\Component\\Console\\Application->run()
#21 /var/www/html/QM/quotation_management/vendor/laravel/lumen-framework/src/Console/Kernel.php(116): Illuminate\\Console\\Application->run()
#22 /var/www/html/QM/quotation_management/artisan(35): Laravel\\Lumen\\Console\\Kernel->handle()
#23 {main}

[previous exception] [object] (PDOException(code: 1049): SQLSTATE[HY000] [1049] Unknown database 'quotation' at /var/www/html/QM/quotation_management/vendor/illuminate/database/Connectors/Connector.php:70)
[stacktrace]
#0 /var/www/html/QM/quotation_management/vendor/illuminate/database/Connectors/Connector.php(70): PDO->__construct()
#1 /var/www/html/QM/quotation_management/vendor/illuminate/database/Connectors/Connector.php(46): Illuminate\\Database\\Connectors\\Connector->createPdoConnection()
#2 /var/www/html/QM/quotation_management/vendor/illuminate/database/Connectors/MySqlConnector.php(24): Illuminate\\Database\\Connectors\\Connector->createConnection()
#3 /var/www/html/QM/quotation_management/vendor/illuminate/database/Connectors/ConnectionFactory.php(184): Illuminate\\Database\\Connectors\\MySqlConnector->connect()
#4 [internal function]: Illuminate\\Database\\Connectors\\ConnectionFactory->Illuminate\\Database\\Connectors\\{closure}()
#5 /var/www/html/QM/quotation_management/vendor/illuminate/database/Connection.php(1064): call_user_func()
#6 /var/www/html/QM/quotation_management/vendor/illuminate/database/Connection.php(1100): Illuminate\\Database\\Connection->getPdo()
#7 /var/www/html/QM/quotation_management/vendor/illuminate/database/Connection.php(442): Illuminate\\Database\\Connection->getReadPdo()
#8 /var/www/html/QM/quotation_management/vendor/illuminate/database/Connection.php(368): Illuminate\\Database\\Connection->getPdoForSelect()
#9 /var/www/html/QM/quotation_management/vendor/illuminate/database/Connection.php(705): Illuminate\\Database\\Connection->Illuminate\\Database\\{closure}()
#10 /var/www/html/QM/quotation_management/vendor/illuminate/database/Connection.php(672): Illuminate\\Database\\Connection->runQueryCallback()
#11 /var/www/html/QM/quotation_management/vendor/illuminate/database/Connection.php(376): Illuminate\\Database\\Connection->run()
#12 /var/www/html/QM/quotation_management/vendor/illuminate/database/Schema/MySqlBuilder.php(44): Illuminate\\Database\\Connection->select()
#13 /var/www/html/QM/quotation_management/vendor/illuminate/database/Migrations/DatabaseMigrationRepository.php(169): Illuminate\\Database\\Schema\\MySqlBuilder->hasTable()
#14 /var/www/html/QM/quotation_management/vendor/illuminate/database/Migrations/Migrator.php(673): Illuminate\\Database\\Migrations\\DatabaseMigrationRepository->repositoryExists()
#15 /var/www/html/QM/quotation_management/vendor/illuminate/database/Console/Migrations/MigrateCommand.php(110): Illuminate\\Database\\Migrations\\Migrator->repositoryExists()
#16 /var/www/html/QM/quotation_management/vendor/illuminate/database/Console/Migrations/MigrateCommand.php(78): Illuminate\\Database\\Console\\Migrations\\MigrateCommand->prepareDatabase()
#17 /var/www/html/QM/quotation_management/vendor/illuminate/database/Migrations/Migrator.php(606): Illuminate\\Database\\Console\\Migrations\\MigrateCommand->Illuminate\\Database\\Console\\Migrations\\{closure}()
#18 /var/www/html/QM/quotation_management/vendor/illuminate/database/Console/Migrations/MigrateCommand.php(98): Illuminate\\Database\\Migrations\\Migrator->usingConnection()
#19 /var/www/html/QM/quotation_management/vendor/illuminate/container/BoundMethod.php(36): Illuminate\\Database\\Console\\Migrations\\MigrateCommand->handle()
#20 /var/www/html/QM/quotation_management/vendor/illuminate/container/Util.php(40): Illuminate\\Container\\BoundMethod::Illuminate\\Container\\{closure}()
#21 /var/www/html/QM/quotation_management/vendor/illuminate/container/BoundMethod.php(93): Illuminate\\Container\\Util::unwrapIfClosure()
#22 /var/www/html/QM/quotation_management/vendor/illuminate/container/BoundMethod.php(37): Illuminate\\Container\\BoundMethod::callBoundMethod()
#23 /var/www/html/QM/quotation_management/vendor/illuminate/container/Container.php(653): Illuminate\\Container\\BoundMethod::call()
#24 /var/www/html/QM/quotation_management/vendor/illuminate/console/Command.php(136): Illuminate\\Container\\Container->call()
#25 /var/www/html/QM/quotation_management/vendor/symfony/console/Command/Command.php(298): Illuminate\\Console\\Command->execute()
#26 /var/www/html/QM/quotation_management/vendor/illuminate/console/Command.php(121): Symfony\\Component\\Console\\Command\\Command->run()
#27 /var/www/html/QM/quotation_management/vendor/symfony/console/Application.php(1028): Illuminate\\Console\\Command->run()
#28 /var/www/html/QM/quotation_management/vendor/symfony/console/Application.php(299): Symfony\\Component\\Console\\Application->doRunCommand()
#29 /var/www/html/QM/quotation_management/vendor/symfony/console/Application.php(171): Symfony\\Component\\Console\\Application->doRun()
#30 /var/www/html/QM/quotation_management/vendor/illuminate/console/Application.php(94): Symfony\\Component\\Console\\Application->run()
#31 /var/www/html/QM/quotation_management/vendor/laravel/lumen-framework/src/Console/Kernel.php(116): Illuminate\\Console\\Application->run()
#32 /var/www/html/QM/quotation_management/artisan(35): Laravel\\Lumen\\Console\\Kernel->handle()
#33 {main}
"} 
